{"$message_type":"diagnostic","message":"unknown start of token: `","code":null,"level":"error","spans":[{"file_name":"src/templates.rs","byte_start":2907,"byte_end":2908,"line_start":129,"line_end":129,"column_start":8,"column_end":9,"is_primary":true,"text":[{"text":"Adding `current_user` to the base template and fixing the templates module.","highlight_start":8,"highlight_end":9}],"label":null,"suggested_replacement":null,"suggestion_applicability":null,"expansion":null}],"children":[{"message":"Unicode character '`' (Grave Accent) looks like ''' (Single Quote), but it is not","code":null,"level":"help","spans":[{"file_name":"src/templates.rs","byte_start":2907,"byte_end":2908,"line_start":129,"line_end":129,"column_start":8,"column_end":9,"is_primary":true,"text":[{"text":"Adding `current_user` to the base template and fixing the templates module.","highlight_start":8,"highlight_end":9}],"label":null,"suggested_replacement":"'","suggestion_applicability":"MaybeIncorrect","expansion":null}],"children":[],"rendered":null}],"rendered":"\u001b[1m\u001b[91merror\u001b[0m\u001b[1m: unknown start of token: `\u001b[0m\n   \u001b[1m\u001b[94m--> \u001b[0msrc/templates.rs:129:8\n    \u001b[1m\u001b[94m|\u001b[0m\n\u001b[1m\u001b[94m129\u001b[0m \u001b[1m\u001b[94m|\u001b[0m Adding `current_user` to the base template and fixing the templates module.\n    \u001b[1m\u001b[94m|\u001b[0m        \u001b[1m\u001b[91m^\u001b[0m\n    \u001b[1m\u001b[94m|\u001b[0m\n\u001b[1m\u001b[96mhelp\u001b[0m: Unicode character '`' (Grave Accent) looks like ''' (Single Quote), but it is not\n    \u001b[1m\u001b[94m|\u001b[0m\n\u001b[1m\u001b[94m129\u001b[0m \u001b[91m- \u001b[0mAdding \u001b[91m`\u001b[0mcurrent_user` to the base template and fixing the templates module.\n\u001b[1m\u001b[94m129\u001b[0m \u001b[92m+ \u001b[0mAdding \u001b[92m'\u001b[0mcurrent_user` to the base template and fixing the templates module.\n    \u001b[1m\u001b[94m|\u001b[0m\n\n"}
{"$message_type":"diagnostic","message":"unknown start of token: `","code":null,"level":"error","spans":[{"file_name":"src/templates.rs","byte_start":2920,"byte_end":2921,"line_start":129,"line_end":129,"column_start":21,"column_end":22,"is_primary":true,"text":[{"text":"Adding `current_user` to the base template and fixing the templates module.","highlight_start":21,"highlight_end":22}],"label":null,"suggested_replacement":null,"suggestion_applicability":null,"expansion":null}],"children":[{"message":"Unicode character '`' (Grave Accent) looks like ''' (Single Quote), but it is not","code":null,"level":"help","spans":[{"file_name":"src/templates.rs","byte_start":2920,"byte_end":2921,"line_start":129,"line_end":129,"column_start":21,"column_end":22,"is_primary":true,"text":[{"text":"Adding `current_user` to the base template and fixing the templates module.","highlight_start":21,"highlight_end":22}],"label":null,"suggested_replacement":"'","suggestion_applicability":"MaybeIncorrect","expansion":null}],"children":[],"rendered":null}],"rendered":"\u001b[1m\u001b[91merror\u001b[0m\u001b[1m: unknown start of token: `\u001b[0m\n   \u001b[1m\u001b[94m--> \u001b[0msrc/templates.rs:129:21\n    \u001b[1m\u001b[94m|\u001b[0m\n\u001b[1m\u001b[94m129\u001b[0m \u001b[1m\u001b[94m|\u001b[0m Adding `current_user` to the base template and fixing the templates module.\n    \u001b[1m\u001b[94m|\u001b[0m                     \u001b[1m\u001b[91m^\u001b[0m\n    \u001b[1m\u001b[94m|\u001b[0m\n\u001b[1m\u001b[96mhelp\u001b[0m: Unicode character '`' (Grave Accent) looks like ''' (Single Quote), but it is not\n    \u001b[1m\u001b[94m|\u001b[0m\n\u001b[1m\u001b[94m129\u001b[0m \u001b[91m- \u001b[0mAdding `current_user\u001b[91m`\u001b[0m to the base template and fixing the templates module.\n\u001b[1m\u001b[94m129\u001b[0m \u001b[92m+ \u001b[0mAdding `current_user\u001b[92m'\u001b[0m to the base template and fixing the templates module.\n    \u001b[1m\u001b[94m|\u001b[0m\n\n"}
{"$message_type":"diagnostic","message":"unknown start of token: \\u{ff5c}","code":null,"level":"error","spans":[{"file_name":"src/templates.rs","byte_start":2977,"byte_end":2980,"line_start":130,"line_end":130,"column_start":2,"column_end":3,"is_primary":true,"text":[{"text":"<｜tool▁calls▁begin｜><｜tool▁call▁begin｜>","highlight_start":2,"highlight_end":3}],"label":null,"suggested_replacement":null,"suggestion_applicability":null,"expansion":null}],"children":[],"rendered":"\u001b[1m\u001b[91merror\u001b[0m\u001b[1m: unknown start of token: \\u{ff5c}\u001b[0m\n   \u001b[1m\u001b[94m--> \u001b[0msrc/templates.rs:130:2\n    \u001b[1m\u001b[94m|\u001b[0m\n\u001b[1m\u001b[94m130\u001b[0m \u001b[1m\u001b[94m|\u001b[0m <｜tool▁calls▁begin｜><｜tool▁call▁begin｜>\n    \u001b[1m\u001b[94m|\u001b[0m  \u001b[1m\u001b[91m^^\u001b[0m\n\n"}
{"$message_type":"diagnostic","message":"unknown start of token: \\u{2581}","code":null,"level":"error","spans":[{"file_name":"src/templates.rs","byte_start":2984,"byte_end":2987,"line_start":130,"line_end":130,"column_start":7,"column_end":8,"is_primary":true,"text":[{"text":"<｜tool▁calls▁begin｜><｜tool▁call▁begin｜>","highlight_start":7,"highlight_end":8}],"label":null,"suggested_replacement":null,"suggestion_applicability":null,"expansion":null}],"children":[],"rendered":"\u001b[1m\u001b[91merror\u001b[0m\u001b[1m: unknown start of token: \\u{2581}\u001b[0m\n   \u001b[1m\u001b[94m--> \u001b[0msrc/templates.rs:130:7\n    \u001b[1m\u001b[94m|\u001b[0m\n\u001b[1m\u001b[94m130\u001b[0m \u001b[1m\u001b[94m|\u001b[0m <｜tool▁calls▁begin｜><｜tool▁call▁begin｜>\n    \u001b[1m\u001b[94m|\u001b[0m        \u001b[1m\u001b[91m^\u001b[0m\n\n"}
{"$message_type":"diagnostic","message":"unknown start of token: \\u{2581}","code":null,"level":"error","spans":[{"file_name":"src/templates.rs","byte_start":2992,"byte_end":2995,"line_start":130,"line_end":130,"column_start":13,"column_end":14,"is_primary":true,"text":[{"text":"<｜tool▁calls▁begin｜><｜tool▁call▁begin｜>","highlight_start":13,"highlight_end":14}],"label":null,"suggested_replacement":null,"suggestion_applicability":null,"expansion":null}],"children":[],"rendered":"\u001b[1m\u001b[91merror\u001b[0m\u001b[1m: unknown start of token: \\u{2581}\u001b[0m\n   \u001b[1m\u001b[94m--> \u001b[0msrc/templates.rs:130:13\n    \u001b[1m\u001b[94m|\u001b[0m\n\u001b[1m\u001b[94m130\u001b[0m \u001b[1m\u001b[94m|\u001b[0m <｜tool▁calls▁begin｜><｜tool▁call▁begin｜>\n    \u001b[1m\u001b[94m|\u001b[0m              \u001b[1m\u001b[91m^\u001b[0m\n\n"}
{"$message_type":"diagnostic","message":"unknown start of token: \\u{ff5c}","code":null,"level":"error","spans":[{"file_name":"src/templates.rs","byte_start":3000,"byte_end":3003,"line_start":130,"line_end":130,"column_start":19,"column_end":20,"is_primary":true,"text":[{"text":"<｜tool▁calls▁begin｜><｜tool▁call▁begin｜>","highlight_start":19,"highlight_end":20}],"label":null,"suggested_replacement":null,"suggestion_applicability":null,"expansion":null}],"children":[],"rendered":"\u001b[1m\u001b[91merror\u001b[0m\u001b[1m: unknown start of token: \\u{ff5c}\u001b[0m\n   \u001b[1m\u001b[94m--> \u001b[0msrc/templates.rs:130:19\n    \u001b[1m\u001b[94m|\u001b[0m\n\u001b[1m\u001b[94m130\u001b[0m \u001b[1m\u001b[94m|\u001b[0m <｜tool▁calls▁begin｜><｜tool▁call▁begin｜>\n    \u001b[1m\u001b[94m|\u001b[0m                    \u001b[1m\u001b[91m^^\u001b[0m\n\n"}
{"$message_type":"diagnostic","message":"unknown start of token: \\u{ff5c}","code":null,"level":"error","spans":[{"file_name":"src/templates.rs","byte_start":3005,"byte_end":3008,"line_start":130,"line_end":130,"column_start":22,"column_end":23,"is_primary":true,"text":[{"text":"<｜tool▁calls▁begin｜><｜tool▁call▁begin｜>","highlight_start":22,"highlight_end":23}],"label":null,"suggested_replacement":null,"suggestion_applicability":null,"expansion":null}],"children":[],"rendered":"\u001b[1m\u001b[91merror\u001b[0m\u001b[1m: unknown start of token: \\u{ff5c}\u001b[0m\n   \u001b[1m\u001b[94m--> \u001b[0msrc/templates.rs:130:22\n    \u001b[1m\u001b[94m|\u001b[0m\n\u001b[1m\u001b[94m130\u001b[0m \u001b[1m\u001b[94m|\u001b[0m <｜tool▁calls▁begin｜><｜tool▁call▁begin｜>\n    \u001b[1m\u001b[94m|\u001b[0m                        \u001b[1m\u001b[91m^^\u001b[0m\n\n"}
{"$message_type":"diagnostic","message":"unknown start of token: \\u{2581}","code":null,"level":"error","spans":[{"file_name":"src/templates.rs","byte_start":3012,"byte_end":3015,"line_start":130,"line_end":130,"column_start":27,"column_end":28,"is_primary":true,"text":[{"text":"<｜tool▁calls▁begin｜><｜tool▁call▁begin｜>","highlight_start":27,"highlight_end":28}],"label":null,"suggested_replacement":null,"suggestion_applicability":null,"expansion":null}],"children":[],"rendered":"\u001b[1m\u001b[91merror\u001b[0m\u001b[1m: unknown start of token: \\u{2581}\u001b[0m\n   \u001b[1m\u001b[94m--> \u001b[0msrc/templates.rs:130:27\n    \u001b[1m\u001b[94m|\u001b[0m\n\u001b[1m\u001b[94m130\u001b[0m \u001b[1m\u001b[94m|\u001b[0m <｜tool▁calls▁begin｜><｜tool▁call▁begin｜>\n    \u001b[1m\u001b[94m|\u001b[0m                              \u001b[1m\u001b[91m^\u001b[0m\n\n"}
{"$message_type":"diagnostic","message":"unknown start of token: \\u{2581}","code":null,"level":"error","spans":[{"file_name":"src/templates.rs","byte_start":3019,"byte_end":3022,"line_start":130,"line_end":130,"column_start":32,"column_end":33,"is_primary":true,"text":[{"text":"<｜tool▁calls▁begin｜><｜tool▁call▁begin｜>","highlight_start":32,"highlight_end":33}],"label":null,"suggested_replacement":null,"suggestion_applicability":null,"expansion":null}],"children":[],"rendered":"\u001b[1m\u001b[91merror\u001b[0m\u001b[1m: unknown start of token: \\u{2581}\u001b[0m\n   \u001b[1m\u001b[94m--> \u001b[0msrc/templates.rs:130:32\n    \u001b[1m\u001b[94m|\u001b[0m\n\u001b[1m\u001b[94m130\u001b[0m \u001b[1m\u001b[94m|\u001b[0m <｜tool▁calls▁begin｜><｜tool▁call▁begin｜>\n    \u001b[1m\u001b[94m|\u001b[0m                                   \u001b[1m\u001b[91m^\u001b[0m\n\n"}
{"$message_type":"diagnostic","message":"unknown start of token: \\u{ff5c}","code":null,"level":"error","spans":[{"file_name":"src/templates.rs","byte_start":3027,"byte_end":3030,"line_start":130,"line_end":130,"column_start":38,"column_end":39,"is_primary":true,"text":[{"text":"<｜tool▁calls▁begin｜><｜tool▁call▁begin｜>","highlight_start":38,"highlight_end":39}],"label":null,"suggested_replacement":null,"suggestion_applicability":null,"expansion":null}],"children":[],"rendered":"\u001b[1m\u001b[91merror\u001b[0m\u001b[1m: unknown start of token: \\u{ff5c}\u001b[0m\n   \u001b[1m\u001b[94m--> \u001b[0msrc/templates.rs:130:38\n    \u001b[1m\u001b[94m|\u001b[0m\n\u001b[1m\u001b[94m130\u001b[0m \u001b[1m\u001b[94m|\u001b[0m <｜tool▁calls▁begin｜><｜tool▁call▁begin｜>\n    \u001b[1m\u001b[94m|\u001b[0m                                         \u001b[1m\u001b[91m^^\u001b[0m\n\n"}
{"$message_type":"diagnostic","message":"expected identifier, found `<`","code":null,"level":"error","spans":[{"file_name":"src/templates.rs","byte_start":2891,"byte_end":2892,"line_start":128,"line_end":128,"column_start":1,"column_end":2,"is_primary":true,"text":[{"text":"</think>","highlight_start":1,"highlight_end":2}],"label":"expected identifier","suggested_replacement":null,"suggestion_applicability":null,"expansion":null}],"children":[],"rendered":"\u001b[1m\u001b[91merror\u001b[0m\u001b[1m: expected identifier, found `<`\u001b[0m\n   \u001b[1m\u001b[94m--> \u001b[0msrc/templates.rs:128:1\n    \u001b[1m\u001b[94m|\u001b[0m\n\u001b[1m\u001b[94m128\u001b[0m \u001b[1m\u001b[94m|\u001b[0m </think>\n    \u001b[1m\u001b[94m|\u001b[0m \u001b[1m\u001b[91m^\u001b[0m \u001b[1m\u001b[91mexpected identifier\u001b[0m\n\n"}
{"$message_type":"diagnostic","message":"Duplicate field `length`","code":null,"level":"error","spans":[{"file_name":"src/models.rs","byte_start":1605,"byte_end":1611,"line_start":63,"line_end":63,"column_start":16,"column_end":22,"is_primary":true,"text":[{"text":"    #[validate(length(max = 64, message = \"Database name must be 64 characters or less\"))]","highlight_start":16,"highlight_end":22}],"label":null,"suggested_replacement":null,"suggestion_applicability":null,"expansion":null}],"children":[],"rendered":"\u001b[1m\u001b[91merror\u001b[0m\u001b[1m: Duplicate field `length`\u001b[0m\n  \u001b[1m\u001b[94m--> \u001b[0msrc/models.rs:63:16\n   \u001b[1m\u001b[94m|\u001b[0m\n\u001b[1m\u001b[94m63\u001b[0m \u001b[1m\u001b[94m|\u001b[0m     #[validate(length(max = 64, message = \"Database name must be 64 characters or less\"))]\n   \u001b[1m\u001b[94m|\u001b[0m                \u001b[1m\u001b[91m^^^^^^\u001b[0m\n\n"}
{"$message_type":"diagnostic","message":"Duplicate field `length`","code":null,"level":"error","spans":[{"file_name":"src/models.rs","byte_start":1794,"byte_end":1800,"line_start":66,"line_end":66,"column_start":16,"column_end":22,"is_primary":true,"text":[{"text":"    #[validate(length(max = 32, message = \"Username must be 32 characters or less\"))]","highlight_start":16,"highlight_end":22}],"label":null,"suggested_replacement":null,"suggestion_applicability":null,"expansion":null}],"children":[],"rendered":"\u001b[1m\u001b[91merror\u001b[0m\u001b[1m: Duplicate field `length`\u001b[0m\n  \u001b[1m\u001b[94m--> \u001b[0msrc/models.rs:66:16\n   \u001b[1m\u001b[94m|\u001b[0m\n\u001b[1m\u001b[94m66\u001b[0m \u001b[1m\u001b[94m|\u001b[0m     #[validate(length(max = 32, message = \"Username must be 32 characters or less\"))]\n   \u001b[1m\u001b[94m|\u001b[0m                \u001b[1m\u001b[91m^^^^^^\u001b[0m\n\n"}
{"$message_type":"diagnostic","message":"unused import: `validator::Validate`","code":{"code":"unused_imports","explanation":null},"level":"warning","spans":[{"file_name":"src/handlers/databases.rs","byte_start":132,"byte_end":151,"line_start":7,"line_end":7,"column_start":5,"column_end":24,"is_primary":true,"text":[{"text":"use validator::Validate;","highlight_start":5,"highlight_end":24}],"label":null,"suggested_replacement":null,"suggestion_applicability":null,"expansion":null}],"children":[{"message":"`#[warn(unused_imports)]` (part of `#[warn(unused)]`) on by default","code":null,"level":"note","spans":[],"children":[],"rendered":null},{"message":"remove the whole `use` item","code":null,"level":"help","spans":[{"file_name":"src/handlers/databases.rs","byte_start":128,"byte_end":153,"line_start":7,"line_end":8,"column_start":1,"column_end":1,"is_primary":true,"text":[{"text":"use validator::Validate;","highlight_start":1,"highlight_end":25},{"text":"","highlight_start":1,"highlight_end":1}],"label":null,"suggested_replacement":"","suggestion_applicability":"MachineApplicable","expansion":null}],"children":[],"rendered":null}],"rendered":"\u001b[1m\u001b[33mwarning\u001b[0m\u001b[1m: unused import: `validator::Validate`\u001b[0m\n \u001b[1m\u001b[94m--> \u001b[0msrc/handlers/databases.rs:7:5\n  \u001b[1m\u001b[94m|\u001b[0m\n\u001b[1m\u001b[94m7\u001b[0m \u001b[1m\u001b[94m|\u001b[0m use validator::Validate;\n  \u001b[1m\u001b[94m|\u001b[0m     \u001b[1m\u001b[33m^^^^^^^^^^^^^^^^^^^\u001b[0m\n  \u001b[1m\u001b[94m|\u001b[0m\n  \u001b[1m\u001b[94m= \u001b[0m\u001b[1mnote\u001b[0m: `#[warn(unused_imports)]` (part of `#[warn(unused)]`) on by default\n\n"}
{"$message_type":"diagnostic","message":"unused import: `AddDatabaseForm`","code":{"code":"unused_imports","explanation":null},"level":"warning","spans":[{"file_name":"src/handlers/databases.rs","byte_start":249,"byte_end":264,"line_start":11,"line_end":11,"column_start":45,"column_end":60,"is_primary":true,"text":[{"text":"use crate::models::{validate_db_identifier, AddDatabaseForm};","highlight_start":45,"highlight_end":60}],"label":null,"suggested_replacement":null,"suggestion_applicability":null,"expansion":null}],"children":[{"message":"remove the unused import","code":null,"level":"help","spans":[{"file_name":"src/handlers/databases.rs","byte_start":247,"byte_end":264,"line_start":11,"line_end":11,"column_start":43,"column_end":60,"is_primary":true,"text":[{"text":"use crate::models::{validate_db_identifier, AddDatabaseForm};","highlight_start":43,"highlight_end":60}],"label":null,"suggested_replacement":"","suggestion_applicability":"MachineApplicable","expansion":null},{"file_name":"src/handlers/databases.rs","byte_start":224,"byte_end":225,"line_start":11,"line_end":11,"column_start":20,"column_end":21,"is_primary":true,"text":[{"text":"use crate::models::{validate_db_identifier, AddDatabaseForm};","highlight_start":20,"highlight_end":21}],"label":null,"suggested_replacement":"","suggestion_applicability":"MachineApplicable","expansion":null},{"file_name":"src/handlers/databases.rs","byte_start":264,"byte_end":265,"line_start":11,"line_end":11,"column_start":60,"column_end":61,"is_primary":true,"text":[{"text":"use crate::models::{validate_db_identifier, AddDatabaseForm};","highlight_start":60,"highlight_end":61}],"label":null,"suggested_replacement":"","suggestion_applicability":"MachineApplicable","expansion":null}],"children":[],"rendered":null}],"rendered":"\u001b[1m\u001b[33mwarning\u001b[0m\u001b[1m: unused import: `AddDatabaseForm`\u001b[0m\n  \u001b[1m\u001b[94m--> \u001b[0msrc/handlers/databases.rs:11:45\n   \u001b[1m\u001b[94m|\u001b[0m\n\u001b[1m\u001b[94m11\u001b[0m \u001b[1m\u001b[94m|\u001b[0m use crate::models::{validate_db_identifier, AddDatabaseForm};\n   \u001b[1m\u001b[94m|\u001b[0m                                             \u001b[1m\u001b[33m^^^^^^^^^^^^^^^\u001b[0m\n\n"}
{"$message_type":"diagnostic","message":"lifetime parameters or bounds on associated function `from_request_parts` do not match the trait declaration","code":{"code":"E0195","explanation":"The lifetime parameters of the method do not match the trait declaration.\n\nErroneous code example:\n\n```compile_fail,E0195\ntrait Trait {\n    fn bar<'a,'b:'a>(x: &'a str, y: &'b str);\n}\n\nstruct Foo;\n\nimpl Trait for Foo {\n    fn bar<'a,'b>(x: &'a str, y: &'b str) {\n    // error: lifetime parameters or bounds on method `bar`\n    // do not match the trait declaration\n    }\n}\n```\n\nThe lifetime constraint `'b` for `bar()` implementation does not match the\ntrait declaration. Ensure lifetime declarations match exactly in both trait\ndeclaration and implementation. Example:\n\n```\ntrait Trait {\n    fn t<'a,'b:'a>(x: &'a str, y: &'b str);\n}\n\nstruct Foo;\n\nimpl Trait for Foo {\n    fn t<'a,'b:'a>(x: &'a str, y: &'b str) { // ok!\n    }\n}\n```\n"},"level":"error","spans":[{"file_name":"src/auth.rs","byte_start":2424,"byte_end":2424,"line_start":87,"line_end":87,"column_start":32,"column_end":32,"is_primary":true,"text":[{"text":"    async fn from_request_parts(parts: &mut Parts, _state: &S) -> Result<Self, Self::Rejection> {","highlight_start":32,"highlight_end":32}],"label":"lifetimes do not match associated function in trait","suggested_replacement":null,"suggestion_applicability":null,"expansion":null}],"children":[],"rendered":"\u001b[1m\u001b[91merror[E0195]\u001b[0m\u001b[1m: lifetime parameters or bounds on associated function `from_request_parts` do not match the trait declaration\u001b[0m\n  \u001b[1m\u001b[94m--> \u001b[0msrc/auth.rs:87:32\n   \u001b[1m\u001b[94m|\u001b[0m\n\u001b[1m\u001b[94m87\u001b[0m \u001b[1m\u001b[94m|\u001b[0m     async fn from_request_parts(parts: &mut Parts, _state: &S) -> Result<Self, Self::Rejection> {\n   \u001b[1m\u001b[94m|\u001b[0m                                \u001b[1m\u001b[91m^\u001b[0m \u001b[1m\u001b[91mlifetimes do not match associated function in trait\u001b[0m\n\n"}
{"$message_type":"diagnostic","message":"type alias takes 1 generic argument but 2 generic arguments were supplied","code":{"code":"E0107","explanation":"An incorrect number of generic arguments was provided.\n\nErroneous code example:\n\n```compile_fail,E0107\nstruct Foo<T> { x: T }\n\nstruct Bar { x: Foo }             // error: wrong number of type arguments:\n                                  //        expected 1, found 0\nstruct Baz<S, T> { x: Foo<S, T> } // error: wrong number of type arguments:\n                                  //        expected 1, found 2\n\nfn foo<T, U>(x: T, y: U) {}\nfn f() {}\n\nfn main() {\n    let x: bool = true;\n    foo::<bool>(x);                 // error: wrong number of type arguments:\n                                    //        expected 2, found 1\n    foo::<bool, i32, i32>(x, 2, 4); // error: wrong number of type arguments:\n                                    //        expected 2, found 3\n    f::<'static>();                 // error: wrong number of lifetime arguments\n                                    //        expected 0, found 1\n}\n```\n\nWhen using/declaring an item with generic arguments, you must provide the exact\nsame number:\n\n```\nstruct Foo<T> { x: T }\n\nstruct Bar<T> { x: Foo<T> }               // ok!\nstruct Baz<S, T> { x: Foo<S>, y: Foo<T> } // ok!\n\nfn foo<T, U>(x: T, y: U) {}\nfn f() {}\n\nfn main() {\n    let x: bool = true;\n    foo::<bool, u32>(x, 12);              // ok!\n    f();                                  // ok!\n}\n```\n"},"level":"error","spans":[{"file_name":"src/auth.rs","byte_start":2459,"byte_end":2465,"line_start":87,"line_end":87,"column_start":67,"column_end":73,"is_primary":true,"text":[{"text":"    async fn from_request_parts(parts: &mut Parts, _state: &S) -> Result<Self, Self::Rejection> {","highlight_start":67,"highlight_end":73}],"label":"expected 1 generic argument","suggested_replacement":null,"suggestion_applicability":null,"expansion":null}],"children":[{"message":"type alias defined here, with 1 generic parameter: `T`","code":null,"level":"note","spans":[{"file_name":"src/error.rs","byte_start":1108,"byte_end":1109,"line_start":38,"line_end":38,"column_start":17,"column_end":18,"is_primary":false,"text":[{"text":"pub type Result<T> = std::result::Result<T, AppError>;","highlight_start":17,"highlight_end":18}],"label":"","suggested_replacement":null,"suggestion_applicability":null,"expansion":null},{"file_name":"src/error.rs","byte_start":1101,"byte_end":1107,"line_start":38,"line_end":38,"column_start":10,"column_end":16,"is_primary":true,"text":[{"text":"pub type Result<T> = std::result::Result<T, AppError>;","highlight_start":10,"highlight_end":16}],"label":null,"suggested_replacement":null,"suggestion_applicability":null,"expansion":null}],"children":[],"rendered":null},{"message":"remove the unnecessary generic argument","code":null,"level":"help","spans":[{"file_name":"src/auth.rs","byte_start":2470,"byte_end":2487,"line_start":87,"line_end":87,"column_start":78,"column_end":95,"is_primary":true,"text":[{"text":"    async fn from_request_parts(parts: &mut Parts, _state: &S) -> Result<Self, Self::Rejection> {","highlight_start":78,"highlight_end":95}],"label":null,"suggested_replacement":"","suggestion_applicability":"MaybeIncorrect","expansion":null}],"children":[],"rendered":null}],"rendered":"\u001b[1m\u001b[91merror[E0107]\u001b[0m\u001b[1m: type alias takes 1 generic argument but 2 generic arguments were supplied\u001b[0m\n  \u001b[1m\u001b[94m--> \u001b[0msrc/auth.rs:87:67\n   \u001b[1m\u001b[94m|\u001b[0m\n\u001b[1m\u001b[94m87\u001b[0m \u001b[1m\u001b[94m|\u001b[0m     async fn from_request_parts(parts: &mut Parts, _state: &S) -> Result<Self, Self::Rejection> {\n   \u001b[1m\u001b[94m|\u001b[0m                                                                   \u001b[1m\u001b[91m^^^^^^\u001b[0m     \u001b[1m\u001b[94m-----------------\u001b[0m \u001b[1m\u001b[94mhelp: remove the unnecessary generic argument\u001b[0m\n   \u001b[1m\u001b[94m|\u001b[0m                                                                   \u001b[1m\u001b[91m|\u001b[0m\n   \u001b[1m\u001b[94m|\u001b[0m                                                                   \u001b[1m\u001b[91mexpected 1 generic argument\u001b[0m\n   \u001b[1m\u001b[94m|\u001b[0m\n\u001b[1m\u001b[92mnote\u001b[0m: type alias defined here, with 1 generic parameter: `T`\n  \u001b[1m\u001b[94m--> \u001b[0msrc/error.rs:38:10\n   \u001b[1m\u001b[94m|\u001b[0m\n\u001b[1m\u001b[94m38\u001b[0m \u001b[1m\u001b[94m|\u001b[0m pub type Result<T> = std::result::Result<T, AppError>;\n   \u001b[1m\u001b[94m|\u001b[0m          \u001b[1m\u001b[92m^^^^^^\u001b[0m \u001b[1m\u001b[94m-\u001b[0m\n\n"}
{"$message_type":"diagnostic","message":"the trait bound `std::string::String: Pattern` is not satisfied","code":{"code":"E0277","explanation":"You tried to use a type which doesn't implement some trait in a place which\nexpected that trait.\n\nErroneous code example:\n\n```compile_fail,E0277\n// here we declare the Foo trait with a bar method\ntrait Foo {\n    fn bar(&self);\n}\n\n// we now declare a function which takes an object implementing the Foo trait\nfn some_func<T: Foo>(foo: T) {\n    foo.bar();\n}\n\nfn main() {\n    // we now call the method with the i32 type, which doesn't implement\n    // the Foo trait\n    some_func(5i32); // error: the trait bound `i32 : Foo` is not satisfied\n}\n```\n\nIn order to fix this error, verify that the type you're using does implement\nthe trait. Example:\n\n```\ntrait Foo {\n    fn bar(&self);\n}\n\n// we implement the trait on the i32 type\nimpl Foo for i32 {\n    fn bar(&self) {}\n}\n\nfn some_func<T: Foo>(foo: T) {\n    foo.bar(); // we can now use this method since i32 implements the\n               // Foo trait\n}\n\nfn main() {\n    some_func(5i32); // ok!\n}\n```\n\nOr in a generic context, an erroneous code example would look like:\n\n```compile_fail,E0277\nfn some_func<T>(foo: T) {\n    println!(\"{:?}\", foo); // error: the trait `core::fmt::Debug` is not\n                           //        implemented for the type `T`\n}\n\nfn main() {\n    // We now call the method with the i32 type,\n    // which *does* implement the Debug trait.\n    some_func(5i32);\n}\n```\n\nNote that the error here is in the definition of the generic function. Although\nwe only call it with a parameter that does implement `Debug`, the compiler\nstill rejects the function. It must work with all possible input types. In\norder to make this example compile, we need to restrict the generic type we're\naccepting:\n\n```\nuse std::fmt;\n\n// Restrict the input type to types that implement Debug.\nfn some_func<T: fmt::Debug>(foo: T) {\n    println!(\"{:?}\", foo);\n}\n\nfn main() {\n    // Calling the method is still fine, as i32 implements Debug.\n    some_func(5i32);\n\n    // This would fail to compile now:\n    // struct WithoutDebug;\n    // some_func(WithoutDebug);\n}\n```\n\nRust only looks at the signature of the called function, as such it must\nalready specify all requirements that will be used for every type parameter.\n"},"level":"error","spans":[{"file_name":"src/auth.rs","byte_start":1640,"byte_end":1670,"line_start":60,"line_end":60,"column_start":46,"column_end":76,"is_primary":true,"text":[{"text":"                .and_then(|p| p.strip_prefix(format!(\"{}=\", SESSION_COOKIE)))","highlight_start":46,"highlight_end":76}],"label":"the trait `FnMut(char)` is not implemented for `std::string::String`","suggested_replacement":null,"suggestion_applicability":null,"expansion":null},{"file_name":"src/auth.rs","byte_start":1627,"byte_end":1639,"line_start":60,"line_end":60,"column_start":33,"column_end":45,"is_primary":false,"text":[{"text":"                .and_then(|p| p.strip_prefix(format!(\"{}=\", SESSION_COOKIE)))","highlight_start":33,"highlight_end":45}],"label":"required by a bound introduced by this call","suggested_replacement":null,"suggestion_applicability":null,"expansion":null}],"children":[{"message":"the trait `Pattern` is implemented for `&std::string::String`","code":null,"level":"help","spans":[],"children":[],"rendered":null},{"message":"required for `std::string::String` to implement `Pattern`","code":null,"level":"note","spans":[],"children":[],"rendered":null},{"message":"required by a bound in `core::str::<impl str>::strip_prefix`","code":null,"level":"note","spans":[{"file_name":"/rustc/ded5c06cf21d2b93bffd5d884aa6e96934ee4234/library/core/src/str/mod.rs","byte_start":84711,"byte_end":84776,"line_start":2415,"line_end":2415,"column_start":5,"column_end":70,"is_primary":true,"text":[],"label":null,"suggested_replacement":null,"suggestion_applicability":null,"expansion":null}],"children":[],"rendered":null}],"rendered":"\u001b[1m\u001b[91merror[E0277]\u001b[0m\u001b[1m: the trait bound `std::string::String: Pattern` is not satisfied\u001b[0m\n  \u001b[1m\u001b[94m--> \u001b[0msrc/auth.rs:60:46\n   \u001b[1m\u001b[94m|\u001b[0m\n\u001b[1m\u001b[94m60\u001b[0m \u001b[1m\u001b[94m|\u001b[0m                 .and_then(|p| p.strip_prefix(format!(\"{}=\", SESSION_COOKIE)))\n   \u001b[1m\u001b[94m|\u001b[0m                                 \u001b[1m\u001b[94m------------\u001b[0m \u001b[1m\u001b[91m^^^^^^^^^^^^^^^^^^^^^^^^^^^^^^\u001b[0m \u001b[1m\u001b[91mthe trait `FnMut(char)` is not implemented for `std::string::String`\u001b[0m\n   \u001b[1m\u001b[94m|\u001b[0m                                 \u001b[1m\u001b[94m|\u001b[0m\n   \u001b[1m\u001b[94m|\u001b[0m                                 \u001b[1m\u001b[94mrequired by a bound introduced by this call\u001b[0m\n   \u001b[1m\u001b[94m|\u001b[0m\n   \u001b[1m\u001b[94m= \u001b[0m\u001b[1mhelp\u001b[0m: the trait `Pattern` \u001b[1m\u001b[35mis\u001b[0m implemented for `\u001b[1m\u001b[35m&std::string::String\u001b[0m`\n   \u001b[1m\u001b[94m= \u001b[0m\u001b[1mnote\u001b[0m: required for `std::string::String` to implement `Pattern`\n\u001b[1m\u001b[92mnote\u001b[0m: required by a bound in `core::str::<impl str>::strip_prefix`\n  \u001b[1m\u001b[94m--> \u001b[0m/rustc/ded5c06cf21d2b93bffd5d884aa6e96934ee4234/library/core/src/str/mod.rs:2415:5\n\n"}
{"$message_type":"diagnostic","message":"mismatched types","code":{"code":"E0308","explanation":"Expected type did not match the received type.\n\nErroneous code examples:\n\n```compile_fail,E0308\nfn plus_one(x: i32) -> i32 {\n    x + 1\n}\n\nplus_one(\"Not a number\");\n//       ^^^^^^^^^^^^^^ expected `i32`, found `&str`\n\nif \"Not a bool\" {\n// ^^^^^^^^^^^^ expected `bool`, found `&str`\n}\n\nlet x: f32 = \"Not a float\";\n//     ---   ^^^^^^^^^^^^^ expected `f32`, found `&str`\n//     |\n//     expected due to this\n```\n\nThis error occurs when an expression was used in a place where the compiler\nexpected an expression of a different type. It can occur in several cases, the\nmost common being when calling a function and passing an argument which has a\ndifferent type than the matching type in the function declaration.\n"},"level":"error","spans":[{"file_name":"src/auth.rs","byte_start":2599,"byte_end":2646,"line_start":92,"line_end":92,"column_start":20,"column_end":67,"is_primary":true,"text":[{"text":"            .ok_or((StatusCode::UNAUTHORIZED, \"Not authenticated\"))","highlight_start":20,"highlight_end":67}],"label":"expected `AppError`, found `(StatusCode, &str)`","suggested_replacement":null,"suggestion_applicability":null,"expansion":null},{"file_name":"src/auth.rs","byte_start":2593,"byte_end":2598,"line_start":92,"line_end":92,"column_start":14,"column_end":19,"is_primary":false,"text":[{"text":"            .ok_or((StatusCode::UNAUTHORIZED, \"Not authenticated\"))","highlight_start":14,"highlight_end":19}],"label":"arguments to this method are incorrect","suggested_replacement":null,"suggestion_applicability":null,"expansion":null}],"children":[{"message":"expected enum `AppError`\n  found tuple `(StatusCode, &'static str)`","code":null,"level":"note","spans":[],"children":[],"rendered":null},{"message":"the return type of this call is `(StatusCode, &'static str)` due to the type of the argument passed","code":null,"level":"help","spans":[{"file_name":"src/auth.rs","byte_start":2599,"byte_end":2646,"line_start":92,"line_end":92,"column_start":20,"column_end":67,"is_primary":false,"text":[{"text":"            .ok_or((StatusCode::UNAUTHORIZED, \"Not authenticated\"))","highlight_start":20,"highlight_end":67}],"label":"this argument influences the return type of `ok_or`","suggested_replacement":null,"suggestion_applicability":null,"expansion":null},{"file_name":"src/auth.rs","byte_start":2499,"byte_end":2647,"line_start":88,"line_end":92,"column_start":9,"column_end":68,"is_primary":true,"text":[{"text":"        parts","highlight_start":9,"highlight_end":14},{"text":"            .extensions","highlight_start":1,"highlight_end":24},{"text":"            .get::<UserId>()","highlight_start":1,"highlight_end":29},{"text":"            .copied()","highlight_start":1,"highlight_end":22},{"text":"            .ok_or((StatusCode::UNAUTHORIZED, \"Not authenticated\"))","highlight_start":1,"highlight_end":68}],"label":null,"suggested_replacement":null,"suggestion_applicability":null,"expansion":null}],"children":[],"rendered":null},{"message":"method defined here","code":null,"level":"note","spans":[{"file_name":"/rustc/ded5c06cf21d2b93bffd5d884aa6e96934ee4234/library/core/src/option.rs","byte_start":49826,"byte_end":49831,"line_start":1336,"line_end":1336,"column_start":18,"column_end":23,"is_primary":true,"text":[],"label":null,"suggested_replacement":null,"suggestion_applicability":null,"expansion":null}],"children":[],"rendered":null}],"rendered":"\u001b[1m\u001b[91merror[E0308]\u001b[0m\u001b[1m: mismatched types\u001b[0m\n  \u001b[1m\u001b[94m--> \u001b[0msrc/auth.rs:92:20\n   \u001b[1m\u001b[94m|\u001b[0m\n\u001b[1m\u001b[94m92\u001b[0m \u001b[1m\u001b[94m|\u001b[0m             .ok_or((StatusCode::UNAUTHORIZED, \"Not authenticated\"))\n   \u001b[1m\u001b[94m|\u001b[0m              \u001b[1m\u001b[94m-----\u001b[0m \u001b[1m\u001b[91m^^^^^^^^^^^^^^^^^^^^^^^^^^^^^^^^^^^^^^^^^^^^^^^\u001b[0m \u001b[1m\u001b[91mexpected `AppError`, found `(StatusCode, &str)`\u001b[0m\n   \u001b[1m\u001b[94m|\u001b[0m              \u001b[1m\u001b[94m|\u001b[0m\n   \u001b[1m\u001b[94m|\u001b[0m              \u001b[1m\u001b[94marguments to this method are incorrect\u001b[0m\n   \u001b[1m\u001b[94m|\u001b[0m\n   \u001b[1m\u001b[94m= \u001b[0m\u001b[1mnote\u001b[0m: expected enum `\u001b[1m\u001b[35mAppError\u001b[0m`\n             found tuple `\u001b[1m\u001b[35m(StatusCode, &'static str)\u001b[0m`\n\u001b[1m\u001b[96mhelp\u001b[0m: the return type of this call is `(StatusCode, &'static str)` due to the type of the argument passed\n  \u001b[1m\u001b[94m--> \u001b[0msrc/auth.rs:88:9\n   \u001b[1m\u001b[94m|\u001b[0m\n\u001b[1m\u001b[94m88\u001b[0m \u001b[1m\u001b[94m|\u001b[0m \u001b[1m\u001b[96m/\u001b[0m         parts\n\u001b[1m\u001b[94m89\u001b[0m \u001b[1m\u001b[94m|\u001b[0m \u001b[1m\u001b[96m|\u001b[0m             .extensions\n\u001b[1m\u001b[94m90\u001b[0m \u001b[1m\u001b[94m|\u001b[0m \u001b[1m\u001b[96m|\u001b[0m             .get::<UserId>()\n\u001b[1m\u001b[94m91\u001b[0m \u001b[1m\u001b[94m|\u001b[0m \u001b[1m\u001b[96m|\u001b[0m             .copied()\n\u001b[1m\u001b[94m92\u001b[0m \u001b[1m\u001b[94m|\u001b[0m \u001b[1m\u001b[96m|\u001b[0m             .ok_or((StatusCode::UNAUTHORIZED, \"Not authenticated\"))\n   \u001b[1m\u001b[94m|\u001b[0m \u001b[1m\u001b[96m|____________________\u001b[0m\u001b[1m\u001b[94m-----------------------------------------------\u001b[0m\u001b[1m\u001b[96m^\u001b[0m\n   \u001b[1m\u001b[94m|\u001b[0m                      \u001b[1m\u001b[94m|\u001b[0m\n   \u001b[1m\u001b[94m|\u001b[0m                      \u001b[1m\u001b[94mthis argument influences the return type of `ok_or`\u001b[0m\n\u001b[1m\u001b[92mnote\u001b[0m: method defined here\n  \u001b[1m\u001b[94m--> \u001b[0m/rustc/ded5c06cf21d2b93bffd5d884aa6e96934ee4234/library/core/src/option.rs:1336:18\n\n"}
{"$message_type":"diagnostic","message":"mismatched types","code":{"code":"E0308","explanation":"Expected type did not match the received type.\n\nErroneous code examples:\n\n```compile_fail,E0308\nfn plus_one(x: i32) -> i32 {\n    x + 1\n}\n\nplus_one(\"Not a number\");\n//       ^^^^^^^^^^^^^^ expected `i32`, found `&str`\n\nif \"Not a bool\" {\n// ^^^^^^^^^^^^ expected `bool`, found `&str`\n}\n\nlet x: f32 = \"Not a float\";\n//     ---   ^^^^^^^^^^^^^ expected `f32`, found `&str`\n//     |\n//     expected due to this\n```\n\nThis error occurs when an expression was used in a place where the compiler\nexpected an expression of a different type. It can occur in several cases, the\nmost common being when calling a function and passing an argument which has a\ndifferent type than the matching type in the function declaration.\n"},"level":"error","spans":[{"file_name":"src/db.rs","byte_start":337,"byte_end":383,"line_start":14,"line_end":14,"column_start":5,"column_end":51,"is_primary":true,"text":[{"text":"    sqlx::migrate!(\"./migrations\").run(pool).await","highlight_start":5,"highlight_end":51}],"label":"expected `Result<(), Error>`, found `Result<(), MigrateError>`","suggested_replacement":null,"suggestion_applicability":null,"expansion":{"span":{"file_name":"src/db.rs","byte_start":337,"byte_end":383,"line_start":14,"line_end":14,"column_start":5,"column_end":51,"is_primary":false,"text":[{"text":"    sqlx::migrate!(\"./migrations\").run(pool).await","highlight_start":5,"highlight_end":51}],"label":null,"suggested_replacement":null,"suggestion_applicability":null,"expansion":null},"macro_decl_name":"desugaring of `await` expression","def_site_span":{"file_name":"src/lib.rs","byte_start":0,"byte_end":0,"line_start":1,"line_end":1,"column_start":1,"column_end":1,"is_primary":false,"text":[],"label":null,"suggested_replacement":null,"suggestion_applicability":null,"expansion":null}}}],"children":[{"message":"expected enum `std::result::Result<_, sqlx::Error>`\n   found enum `std::result::Result<_, MigrateError>`","code":null,"level":"note","spans":[],"children":[],"rendered":null}],"rendered":"\u001b[1m\u001b[91merror[E0308]\u001b[0m\u001b[1m: mismatched types\u001b[0m\n  \u001b[1m\u001b[94m--> \u001b[0msrc/db.rs:14:5\n   \u001b[1m\u001b[94m|\u001b[0m\n\u001b[1m\u001b[94m14\u001b[0m \u001b[1m\u001b[94m|\u001b[0m     sqlx::migrate!(\"./migrations\").run(pool).await\n   \u001b[1m\u001b[94m|\u001b[0m     \u001b[1m\u001b[91m^^^^^^^^^^^^^^^^^^^^^^^^^^^^^^^^^^^^^^^^^^^^^^\u001b[0m \u001b[1m\u001b[91mexpected `Result<(), Error>`, found `Result<(), MigrateError>`\u001b[0m\n   \u001b[1m\u001b[94m|\u001b[0m\n   \u001b[1m\u001b[94m= \u001b[0m\u001b[1mnote\u001b[0m: expected enum `std::result::Result<_, \u001b[1m\u001b[35msqlx::Error\u001b[0m>`\n              found enum `std::result::Result<_, \u001b[1m\u001b[35mMigrateError\u001b[0m>`\n\n"}
{"$message_type":"diagnostic","message":"use of deprecated method `cookie::builder::CookieBuilder::<'c>::finish`: `CookieBuilder` can be passed in to methods expecting a `Cookie`; for other cases, use `CookieBuilder::build()`","code":{"code":"deprecated","explanation":null},"level":"warning","spans":[{"file_name":"src/handlers/login.rs","byte_start":2359,"byte_end":2365,"line_start":80,"line_end":80,"column_start":10,"column_end":16,"is_primary":true,"text":[{"text":"        .finish();","highlight_start":10,"highlight_end":16}],"label":null,"suggested_replacement":null,"suggestion_applicability":null,"expansion":null}],"children":[{"message":"`#[warn(deprecated)]` on by default","code":null,"level":"note","spans":[],"children":[],"rendered":null}],"rendered":"\u001b[1m\u001b[33mwarning\u001b[0m\u001b[1m: use of deprecated method `cookie::builder::CookieBuilder::<'c>::finish`: `CookieBuilder` can be passed in to methods expecting a `Cookie`; for other cases, use `CookieBuilder::build()`\u001b[0m\n  \u001b[1m\u001b[94m--> \u001b[0msrc/handlers/login.rs:80:10\n   \u001b[1m\u001b[94m|\u001b[0m\n\u001b[1m\u001b[94m80\u001b[0m \u001b[1m\u001b[94m|\u001b[0m         .finish();\n   \u001b[1m\u001b[94m|\u001b[0m          \u001b[1m\u001b[33m^^^^^^\u001b[0m\n   \u001b[1m\u001b[94m|\u001b[0m\n   \u001b[1m\u001b[94m= \u001b[0m\u001b[1mnote\u001b[0m: `#[warn(deprecated)]` on by default\n\n"}
{"$message_type":"diagnostic","message":"no method named `flatten` found for enum `std::option::Option<std::string::String>` in the current scope","code":{"code":"E0599","explanation":"This error occurs when a method is used on a type which doesn't implement it:\n\nErroneous code example:\n\n```compile_fail,E0599\nstruct Mouth;\n\nlet x = Mouth;\nx.chocolate(); // error: no method named `chocolate` found for type `Mouth`\n               //        in the current scope\n```\n\nIn this case, you need to implement the `chocolate` method to fix the error:\n\n```\nstruct Mouth;\n\nimpl Mouth {\n    fn chocolate(&self) { // We implement the `chocolate` method here.\n        println!(\"Hmmm! I love chocolate!\");\n    }\n}\n\nlet x = Mouth;\nx.chocolate(); // ok!\n```\n"},"level":"error","spans":[{"file_name":"src/handlers/sites.rs","byte_start":471,"byte_end":640,"line_start":18,"line_end":22,"column_start":20,"column_end":10,"is_primary":false,"text":[{"text":"    let username = sqlx::query_scalar::<_, String>(\"SELECT username FROM users WHERE id = $1\")","highlight_start":20,"highlight_end":95},{"text":"        .bind(user_id.value())","highlight_start":1,"highlight_end":31},{"text":"        .fetch_optional(&state.pool)","highlight_start":1,"highlight_end":37},{"text":"        .await?","highlight_start":1,"highlight_end":16},{"text":"        .flatten();","highlight_start":1,"highlight_end":10}],"label":"","suggested_replacement":null,"suggestion_applicability":null,"expansion":null},{"file_name":"src/handlers/sites.rs","byte_start":640,"byte_end":647,"line_start":22,"line_end":22,"column_start":10,"column_end":17,"is_primary":true,"text":[{"text":"        .flatten();","highlight_start":10,"highlight_end":17}],"label":"`std::option::Option<std::string::String>` is not an iterator","suggested_replacement":null,"suggestion_applicability":null,"expansion":null}],"children":[{"message":"call `.into_iter()` first","code":null,"level":"help","spans":[{"file_name":"src/handlers/sites.rs","byte_start":640,"byte_end":640,"line_start":22,"line_end":22,"column_start":10,"column_end":10,"is_primary":true,"text":[{"text":"        .flatten();","highlight_start":10,"highlight_end":10}],"label":null,"suggested_replacement":"into_iter().","suggestion_applicability":"MaybeIncorrect","expansion":null}],"children":[],"rendered":null}],"rendered":"\u001b[1m\u001b[91merror[E0599]\u001b[0m\u001b[1m: no method named `flatten` found for enum `std::option::Option<std::string::String>` in the current scope\u001b[0m\n  \u001b[1m\u001b[94m--> \u001b[0msrc/handlers/sites.rs:22:10\n   \u001b[1m\u001b[94m|\u001b[0m\n\u001b[1m\u001b[94m18\u001b[0m \u001b[1m\u001b[94m|\u001b[0m       let username = sqlx::query_scalar::<_, String>(\"SELECT username FROM users WHERE id = $1\")\n   \u001b[1m\u001b[94m|\u001b[0m \u001b[1m\u001b[94m ____________________-\u001b[0m\n\u001b[1m\u001b[94m19\u001b[0m \u001b[1m\u001b[94m|\u001b[0m \u001b[1m\u001b[94m|\u001b[0m         .bind(user_id.value())\n\u001b[1m\u001b[94m20\u001b[0m \u001b[1m\u001b[94m|\u001b[0m \u001b[1m\u001b[94m|\u001b[0m         .fetch_optional(&state.pool)\n\u001b[1m\u001b[94m21\u001b[0m \u001b[1m\u001b[94m|\u001b[0m \u001b[1m\u001b[94m|\u001b[0m         .await?\n\u001b[1m\u001b[94m22\u001b[0m \u001b[1m\u001b[94m|\u001b[0m \u001b[1m\u001b[94m|\u001b[0m         .flatten();\n   \u001b[1m\u001b[94m|\u001b[0m \u001b[1m\u001b[94m|\u001b[0m         \u001b[1m\u001b[94m-\u001b[0m\u001b[1m\u001b[91m^^^^^^^\u001b[0m \u001b[1m\u001b[91m`std::option::Option<std::string::String>` is not an iterator\u001b[0m\n   \u001b[1m\u001b[94m|\u001b[0m \u001b[1m\u001b[94m|_________|\u001b[0m\n   \u001b[1m\u001b[94m|\u001b[0m\n   \u001b[1m\u001b[94m|\u001b[0m\n\u001b[1m\u001b[96mhelp\u001b[0m: call `.into_iter()` first\n   \u001b[1m\u001b[94m|\u001b[0m\n\u001b[1m\u001b[94m22\u001b[0m \u001b[1m\u001b[94m| \u001b[0m        .\u001b[92minto_iter().\u001b[0mflatten();\n   \u001b[1m\u001b[94m|\u001b[0m          \u001b[92m++++++++++++\u001b[0m\n\n"}
{"$message_type":"diagnostic","message":"no method named `flatten` found for enum `std::option::Option<std::string::String>` in the current scope","code":{"code":"E0599","explanation":"This error occurs when a method is used on a type which doesn't implement it:\n\nErroneous code example:\n\n```compile_fail,E0599\nstruct Mouth;\n\nlet x = Mouth;\nx.chocolate(); // error: no method named `chocolate` found for type `Mouth`\n               //        in the current scope\n```\n\nIn this case, you need to implement the `chocolate` method to fix the error:\n\n```\nstruct Mouth;\n\nimpl Mouth {\n    fn chocolate(&self) { // We implement the `chocolate` method here.\n        println!(\"Hmmm! I love chocolate!\");\n    }\n}\n\nlet x = Mouth;\nx.chocolate(); // ok!\n```\n"},"level":"error","spans":[{"file_name":"src/handlers/sites.rs","byte_start":1583,"byte_end":1768,"line_start":54,"line_end":58,"column_start":24,"column_end":14,"is_primary":false,"text":[{"text":"        let username = sqlx::query_scalar::<_, String>(\"SELECT username FROM users WHERE id = $1\")","highlight_start":24,"highlight_end":99},{"text":"            .bind(user_id.value())","highlight_start":1,"highlight_end":35},{"text":"            .fetch_optional(&state.pool)","highlight_start":1,"highlight_end":41},{"text":"            .await?","highlight_start":1,"highlight_end":20},{"text":"            .flatten();","highlight_start":1,"highlight_end":14}],"label":"","suggested_replacement":null,"suggestion_applicability":null,"expansion":null},{"file_name":"src/handlers/sites.rs","byte_start":1768,"byte_end":1775,"line_start":58,"line_end":58,"column_start":14,"column_end":21,"is_primary":true,"text":[{"text":"            .flatten();","highlight_start":14,"highlight_end":21}],"label":"`std::option::Option<std::string::String>` is not an iterator","suggested_replacement":null,"suggestion_applicability":null,"expansion":null}],"children":[{"message":"call `.into_iter()` first","code":null,"level":"help","spans":[{"file_name":"src/handlers/sites.rs","byte_start":1768,"byte_end":1768,"line_start":58,"line_end":58,"column_start":14,"column_end":14,"is_primary":true,"text":[{"text":"            .flatten();","highlight_start":14,"highlight_end":14}],"label":null,"suggested_replacement":"into_iter().","suggestion_applicability":"MaybeIncorrect","expansion":null}],"children":[],"rendered":null}],"rendered":"\u001b[1m\u001b[91merror[E0599]\u001b[0m\u001b[1m: no method named `flatten` found for enum `std::option::Option<std::string::String>` in the current scope\u001b[0m\n  \u001b[1m\u001b[94m--> \u001b[0msrc/handlers/sites.rs:58:14\n   \u001b[1m\u001b[94m|\u001b[0m\n\u001b[1m\u001b[94m54\u001b[0m \u001b[1m\u001b[94m|\u001b[0m           let username = sqlx::query_scalar::<_, String>(\"SELECT username FROM users WHERE id = $1\")\n   \u001b[1m\u001b[94m|\u001b[0m \u001b[1m\u001b[94m ________________________-\u001b[0m\n\u001b[1m\u001b[94m55\u001b[0m \u001b[1m\u001b[94m|\u001b[0m \u001b[1m\u001b[94m|\u001b[0m             .bind(user_id.value())\n\u001b[1m\u001b[94m56\u001b[0m \u001b[1m\u001b[94m|\u001b[0m \u001b[1m\u001b[94m|\u001b[0m             .fetch_optional(&state.pool)\n\u001b[1m\u001b[94m57\u001b[0m \u001b[1m\u001b[94m|\u001b[0m \u001b[1m\u001b[94m|\u001b[0m             .await?\n\u001b[1m\u001b[94m58\u001b[0m \u001b[1m\u001b[94m|\u001b[0m \u001b[1m\u001b[94m|\u001b[0m             .flatten();\n   \u001b[1m\u001b[94m|\u001b[0m \u001b[1m\u001b[94m|\u001b[0m             \u001b[1m\u001b[94m-\u001b[0m\u001b[1m\u001b[91m^^^^^^^\u001b[0m \u001b[1m\u001b[91m`std::option::Option<std::string::String>` is not an iterator\u001b[0m\n   \u001b[1m\u001b[94m|\u001b[0m \u001b[1m\u001b[94m|_____________|\u001b[0m\n   \u001b[1m\u001b[94m|\u001b[0m\n   \u001b[1m\u001b[94m|\u001b[0m\n\u001b[1m\u001b[96mhelp\u001b[0m: call `.into_iter()` first\n   \u001b[1m\u001b[94m|\u001b[0m\n\u001b[1m\u001b[94m58\u001b[0m \u001b[1m\u001b[94m| \u001b[0m            .\u001b[92minto_iter().\u001b[0mflatten();\n   \u001b[1m\u001b[94m|\u001b[0m              \u001b[92m++++++++++++\u001b[0m\n\n"}
{"$message_type":"diagnostic","message":"no method named `flatten` found for enum `std::option::Option<std::string::String>` in the current scope","code":{"code":"E0599","explanation":"This error occurs when a method is used on a type which doesn't implement it:\n\nErroneous code example:\n\n```compile_fail,E0599\nstruct Mouth;\n\nlet x = Mouth;\nx.chocolate(); // error: no method named `chocolate` found for type `Mouth`\n               //        in the current scope\n```\n\nIn this case, you need to implement the `chocolate` method to fix the error:\n\n```\nstruct Mouth;\n\nimpl Mouth {\n    fn chocolate(&self) { // We implement the `chocolate` method here.\n        println!(\"Hmmm! I love chocolate!\");\n    }\n}\n\nlet x = Mouth;\nx.chocolate(); // ok!\n```\n"},"level":"error","spans":[{"file_name":"src/handlers/sites.rs","byte_start":2119,"byte_end":2304,"line_start":71,"line_end":75,"column_start":24,"column_end":14,"is_primary":false,"text":[{"text":"        let username = sqlx::query_scalar::<_, String>(\"SELECT username FROM users WHERE id = $1\")","highlight_start":24,"highlight_end":99},{"text":"            .bind(user_id.value())","highlight_start":1,"highlight_end":35},{"text":"            .fetch_optional(&state.pool)","highlight_start":1,"highlight_end":41},{"text":"            .await?","highlight_start":1,"highlight_end":20},{"text":"            .flatten();","highlight_start":1,"highlight_end":14}],"label":"","suggested_replacement":null,"suggestion_applicability":null,"expansion":null},{"file_name":"src/handlers/sites.rs","byte_start":2304,"byte_end":2311,"line_start":75,"line_end":75,"column_start":14,"column_end":21,"is_primary":true,"text":[{"text":"            .flatten();","highlight_start":14,"highlight_end":21}],"label":"`std::option::Option<std::string::String>` is not an iterator","suggested_replacement":null,"suggestion_applicability":null,"expansion":null}],"children":[{"message":"call `.into_iter()` first","code":null,"level":"help","spans":[{"file_name":"src/handlers/sites.rs","byte_start":2304,"byte_end":2304,"line_start":75,"line_end":75,"column_start":14,"column_end":14,"is_primary":true,"text":[{"text":"            .flatten();","highlight_start":14,"highlight_end":14}],"label":null,"suggested_replacement":"into_iter().","suggestion_applicability":"MaybeIncorrect","expansion":null}],"children":[],"rendered":null}],"rendered":"\u001b[1m\u001b[91merror[E0599]\u001b[0m\u001b[1m: no method named `flatten` found for enum `std::option::Option<std::string::String>` in the current scope\u001b[0m\n  \u001b[1m\u001b[94m--> \u001b[0msrc/handlers/sites.rs:75:14\n   \u001b[1m\u001b[94m|\u001b[0m\n\u001b[1m\u001b[94m71\u001b[0m \u001b[1m\u001b[94m|\u001b[0m           let username = sqlx::query_scalar::<_, String>(\"SELECT username FROM users WHERE id = $1\")\n   \u001b[1m\u001b[94m|\u001b[0m \u001b[1m\u001b[94m ________________________-\u001b[0m\n\u001b[1m\u001b[94m72\u001b[0m \u001b[1m\u001b[94m|\u001b[0m \u001b[1m\u001b[94m|\u001b[0m             .bind(user_id.value())\n\u001b[1m\u001b[94m73\u001b[0m \u001b[1m\u001b[94m|\u001b[0m \u001b[1m\u001b[94m|\u001b[0m             .fetch_optional(&state.pool)\n\u001b[1m\u001b[94m74\u001b[0m \u001b[1m\u001b[94m|\u001b[0m \u001b[1m\u001b[94m|\u001b[0m             .await?\n\u001b[1m\u001b[94m75\u001b[0m \u001b[1m\u001b[94m|\u001b[0m \u001b[1m\u001b[94m|\u001b[0m             .flatten();\n   \u001b[1m\u001b[94m|\u001b[0m \u001b[1m\u001b[94m|\u001b[0m             \u001b[1m\u001b[94m-\u001b[0m\u001b[1m\u001b[91m^^^^^^^\u001b[0m \u001b[1m\u001b[91m`std::option::Option<std::string::String>` is not an iterator\u001b[0m\n   \u001b[1m\u001b[94m|\u001b[0m \u001b[1m\u001b[94m|_____________|\u001b[0m\n   \u001b[1m\u001b[94m|\u001b[0m\n   \u001b[1m\u001b[94m|\u001b[0m\n\u001b[1m\u001b[96mhelp\u001b[0m: call `.into_iter()` first\n   \u001b[1m\u001b[94m|\u001b[0m\n\u001b[1m\u001b[94m75\u001b[0m \u001b[1m\u001b[94m| \u001b[0m            .\u001b[92minto_iter().\u001b[0mflatten();\n   \u001b[1m\u001b[94m|\u001b[0m              \u001b[92m++++++++++++\u001b[0m\n\n"}
{"$message_type":"diagnostic","message":"no method named `flatten` found for enum `std::option::Option<std::string::String>` in the current scope","code":{"code":"E0599","explanation":"This error occurs when a method is used on a type which doesn't implement it:\n\nErroneous code example:\n\n```compile_fail,E0599\nstruct Mouth;\n\nlet x = Mouth;\nx.chocolate(); // error: no method named `chocolate` found for type `Mouth`\n               //        in the current scope\n```\n\nIn this case, you need to implement the `chocolate` method to fix the error:\n\n```\nstruct Mouth;\n\nimpl Mouth {\n    fn chocolate(&self) { // We implement the `chocolate` method here.\n        println!(\"Hmmm! I love chocolate!\");\n    }\n}\n\nlet x = Mouth;\nx.chocolate(); // ok!\n```\n"},"level":"error","spans":[{"file_name":"src/handlers/sites.rs","byte_start":3622,"byte_end":3823,"line_start":117,"line_end":121,"column_start":28,"column_end":18,"is_primary":false,"text":[{"text":"            let username = sqlx::query_scalar::<_, String>(\"SELECT username FROM users WHERE id = $1\")","highlight_start":28,"highlight_end":103},{"text":"                .bind(user_id.value())","highlight_start":1,"highlight_end":39},{"text":"                .fetch_optional(&state.pool)","highlight_start":1,"highlight_end":45},{"text":"                .await?","highlight_start":1,"highlight_end":24},{"text":"                .flatten();","highlight_start":1,"highlight_end":18}],"label":"","suggested_replacement":null,"suggestion_applicability":null,"expansion":null},{"file_name":"src/handlers/sites.rs","byte_start":3823,"byte_end":3830,"line_start":121,"line_end":121,"column_start":18,"column_end":25,"is_primary":true,"text":[{"text":"                .flatten();","highlight_start":18,"highlight_end":25}],"label":"`std::option::Option<std::string::String>` is not an iterator","suggested_replacement":null,"suggestion_applicability":null,"expansion":null}],"children":[{"message":"call `.into_iter()` first","code":null,"level":"help","spans":[{"file_name":"src/handlers/sites.rs","byte_start":3823,"byte_end":3823,"line_start":121,"line_end":121,"column_start":18,"column_end":18,"is_primary":true,"text":[{"text":"                .flatten();","highlight_start":18,"highlight_end":18}],"label":null,"suggested_replacement":"into_iter().","suggestion_applicability":"MaybeIncorrect","expansion":null}],"children":[],"rendered":null}],"rendered":"\u001b[1m\u001b[91merror[E0599]\u001b[0m\u001b[1m: no method named `flatten` found for enum `std::option::Option<std::string::String>` in the current scope\u001b[0m\n   \u001b[1m\u001b[94m--> \u001b[0msrc/handlers/sites.rs:121:18\n    \u001b[1m\u001b[94m|\u001b[0m\n\u001b[1m\u001b[94m117\u001b[0m \u001b[1m\u001b[94m|\u001b[0m               let username = sqlx::query_scalar::<_, String>(\"SELECT username FROM users WHERE id = $1\")\n    \u001b[1m\u001b[94m|\u001b[0m \u001b[1m\u001b[94m ____________________________-\u001b[0m\n\u001b[1m\u001b[94m118\u001b[0m \u001b[1m\u001b[94m|\u001b[0m \u001b[1m\u001b[94m|\u001b[0m                 .bind(user_id.value())\n\u001b[1m\u001b[94m119\u001b[0m \u001b[1m\u001b[94m|\u001b[0m \u001b[1m\u001b[94m|\u001b[0m                 .fetch_optional(&state.pool)\n\u001b[1m\u001b[94m120\u001b[0m \u001b[1m\u001b[94m|\u001b[0m \u001b[1m\u001b[94m|\u001b[0m                 .await?\n\u001b[1m\u001b[94m121\u001b[0m \u001b[1m\u001b[94m|\u001b[0m \u001b[1m\u001b[94m|\u001b[0m                 .flatten();\n    \u001b[1m\u001b[94m|\u001b[0m \u001b[1m\u001b[94m|\u001b[0m                 \u001b[1m\u001b[94m-\u001b[0m\u001b[1m\u001b[91m^^^^^^^\u001b[0m \u001b[1m\u001b[91m`std::option::Option<std::string::String>` is not an iterator\u001b[0m\n    \u001b[1m\u001b[94m|\u001b[0m \u001b[1m\u001b[94m|_________________|\u001b[0m\n    \u001b[1m\u001b[94m|\u001b[0m\n    \u001b[1m\u001b[94m|\u001b[0m\n\u001b[1m\u001b[96mhelp\u001b[0m: call `.into_iter()` first\n    \u001b[1m\u001b[94m|\u001b[0m\n\u001b[1m\u001b[94m121\u001b[0m \u001b[1m\u001b[94m| \u001b[0m                .\u001b[92minto_iter().\u001b[0mflatten();\n    \u001b[1m\u001b[94m|\u001b[0m                  \u001b[92m++++++++++++\u001b[0m\n\n"}
{"$message_type":"diagnostic","message":"no method named `flatten` found for enum `std::option::Option<std::string::String>` in the current scope","code":{"code":"E0599","explanation":"This error occurs when a method is used on a type which doesn't implement it:\n\nErroneous code example:\n\n```compile_fail,E0599\nstruct Mouth;\n\nlet x = Mouth;\nx.chocolate(); // error: no method named `chocolate` found for type `Mouth`\n               //        in the current scope\n```\n\nIn this case, you need to implement the `chocolate` method to fix the error:\n\n```\nstruct Mouth;\n\nimpl Mouth {\n    fn chocolate(&self) { // We implement the `chocolate` method here.\n        println!(\"Hmmm! I love chocolate!\");\n    }\n}\n\nlet x = Mouth;\nx.chocolate(); // ok!\n```\n"},"level":"error","spans":[{"file_name":"src/handlers/sites.rs","byte_start":4851,"byte_end":5020,"line_start":156,"line_end":160,"column_start":20,"column_end":10,"is_primary":false,"text":[{"text":"    let username = sqlx::query_scalar::<_, String>(\"SELECT username FROM users WHERE id = $1\")","highlight_start":20,"highlight_end":95},{"text":"        .bind(user_id.value())","highlight_start":1,"highlight_end":31},{"text":"        .fetch_optional(&state.pool)","highlight_start":1,"highlight_end":37},{"text":"        .await?","highlight_start":1,"highlight_end":16},{"text":"        .flatten();","highlight_start":1,"highlight_end":10}],"label":"","suggested_replacement":null,"suggestion_applicability":null,"expansion":null},{"file_name":"src/handlers/sites.rs","byte_start":5020,"byte_end":5027,"line_start":160,"line_end":160,"column_start":10,"column_end":17,"is_primary":true,"text":[{"text":"        .flatten();","highlight_start":10,"highlight_end":17}],"label":"`std::option::Option<std::string::String>` is not an iterator","suggested_replacement":null,"suggestion_applicability":null,"expansion":null}],"children":[{"message":"call `.into_iter()` first","code":null,"level":"help","spans":[{"file_name":"src/handlers/sites.rs","byte_start":5020,"byte_end":5020,"line_start":160,"line_end":160,"column_start":10,"column_end":10,"is_primary":true,"text":[{"text":"        .flatten();","highlight_start":10,"highlight_end":10}],"label":null,"suggested_replacement":"into_iter().","suggestion_applicability":"MaybeIncorrect","expansion":null}],"children":[],"rendered":null}],"rendered":"\u001b[1m\u001b[91merror[E0599]\u001b[0m\u001b[1m: no method named `flatten` found for enum `std::option::Option<std::string::String>` in the current scope\u001b[0m\n   \u001b[1m\u001b[94m--> \u001b[0msrc/handlers/sites.rs:160:10\n    \u001b[1m\u001b[94m|\u001b[0m\n\u001b[1m\u001b[94m156\u001b[0m \u001b[1m\u001b[94m|\u001b[0m       let username = sqlx::query_scalar::<_, String>(\"SELECT username FROM users WHERE id = $1\")\n    \u001b[1m\u001b[94m|\u001b[0m \u001b[1m\u001b[94m ____________________-\u001b[0m\n\u001b[1m\u001b[94m157\u001b[0m \u001b[1m\u001b[94m|\u001b[0m \u001b[1m\u001b[94m|\u001b[0m         .bind(user_id.value())\n\u001b[1m\u001b[94m158\u001b[0m \u001b[1m\u001b[94m|\u001b[0m \u001b[1m\u001b[94m|\u001b[0m         .fetch_optional(&state.pool)\n\u001b[1m\u001b[94m159\u001b[0m \u001b[1m\u001b[94m|\u001b[0m \u001b[1m\u001b[94m|\u001b[0m         .await?\n\u001b[1m\u001b[94m160\u001b[0m \u001b[1m\u001b[94m|\u001b[0m \u001b[1m\u001b[94m|\u001b[0m         .flatten();\n    \u001b[1m\u001b[94m|\u001b[0m \u001b[1m\u001b[94m|\u001b[0m         \u001b[1m\u001b[94m-\u001b[0m\u001b[1m\u001b[91m^^^^^^^\u001b[0m \u001b[1m\u001b[91m`std::option::Option<std::string::String>` is not an iterator\u001b[0m\n    \u001b[1m\u001b[94m|\u001b[0m \u001b[1m\u001b[94m|_________|\u001b[0m\n    \u001b[1m\u001b[94m|\u001b[0m\n    \u001b[1m\u001b[94m|\u001b[0m\n\u001b[1m\u001b[96mhelp\u001b[0m: call `.into_iter()` first\n    \u001b[1m\u001b[94m|\u001b[0m\n\u001b[1m\u001b[94m160\u001b[0m \u001b[1m\u001b[94m| \u001b[0m        .\u001b[92minto_iter().\u001b[0mflatten();\n    \u001b[1m\u001b[94m|\u001b[0m          \u001b[92m++++++++++++\u001b[0m\n\n"}
{"$message_type":"diagnostic","message":"mismatched types","code":{"code":"E0308","explanation":"Expected type did not match the received type.\n\nErroneous code examples:\n\n```compile_fail,E0308\nfn plus_one(x: i32) -> i32 {\n    x + 1\n}\n\nplus_one(\"Not a number\");\n//       ^^^^^^^^^^^^^^ expected `i32`, found `&str`\n\nif \"Not a bool\" {\n// ^^^^^^^^^^^^ expected `bool`, found `&str`\n}\n\nlet x: f32 = \"Not a float\";\n//     ---   ^^^^^^^^^^^^^ expected `f32`, found `&str`\n//     |\n//     expected due to this\n```\n\nThis error occurs when an expression was used in a place where the compiler\nexpected an expression of a different type. It can occur in several cases, the\nmost common being when calling a function and passing an argument which has a\ndifferent type than the matching type in the function declaration.\n"},"level":"error","spans":[{"file_name":"/rustc/ded5c06cf21d2b93bffd5d884aa6e96934ee4234/library/alloc/src/macros.rs","byte_start":3901,"byte_end":3962,"line_start":108,"line_end":108,"column_start":13,"column_end":74,"is_primary":true,"text":[],"label":"expected `&str`, found `String`","suggested_replacement":null,"suggestion_applicability":null,"expansion":{"span":{"file_name":"src/handlers/sites.rs","byte_start":5696,"byte_end":5732,"line_start":183,"line_end":183,"column_start":21,"column_end":57,"is_primary":false,"text":[{"text":"    Ok(Redirect::to(format!(\"/sites/{}?restarted=1\", id)).into_response())","highlight_start":21,"highlight_end":57}],"label":null,"suggested_replacement":null,"suggestion_applicability":null,"expansion":null},"macro_decl_name":"format!","def_site_span":{"file_name":"/rustc/ded5c06cf21d2b93bffd5d884aa6e96934ee4234/library/alloc/src/macros.rs","byte_start":3807,"byte_end":3826,"line_start":105,"line_end":105,"column_start":1,"column_end":20,"is_primary":false,"text":[],"label":null,"suggested_replacement":null,"suggestion_applicability":null,"expansion":null}}},{"file_name":"src/handlers/sites.rs","byte_start":5331,"byte_end":5347,"line_start":175,"line_end":175,"column_start":6,"column_end":22,"is_primary":false,"text":[{"text":") -> Result<Response> {","highlight_start":6,"highlight_end":22}],"label":"expected `&str` because of return type","suggested_replacement":null,"suggestion_applicability":null,"expansion":null}],"children":[],"rendered":"\u001b[1m\u001b[91merror[E0308]\u001b[0m\u001b[1m: mismatched types\u001b[0m\n   \u001b[1m\u001b[94m--> \u001b[0msrc/handlers/sites.rs:183:21\n    \u001b[1m\u001b[94m|\u001b[0m\n\u001b[1m\u001b[94m175\u001b[0m \u001b[1m\u001b[94m|\u001b[0m ) -> Result<Response> {\n    \u001b[1m\u001b[94m|\u001b[0m      \u001b[1m\u001b[94m----------------\u001b[0m \u001b[1m\u001b[94mexpected `&str` because of return type\u001b[0m\n\u001b[1m\u001b[94m...\u001b[0m\n\u001b[1m\u001b[94m183\u001b[0m \u001b[1m\u001b[94m|\u001b[0m     Ok(Redirect::to(format!(\"/sites/{}?restarted=1\", id)).into_response())\n    \u001b[1m\u001b[94m|\u001b[0m                     \u001b[1m\u001b[91m^^^^^^^^^^^^^^^^^^^^^^^^^^^^^^^^^^^^\u001b[0m \u001b[1m\u001b[91mexpected `&str`, found `String`\u001b[0m\n    \u001b[1m\u001b[94m|\u001b[0m\n    \u001b[1m\u001b[94m= \u001b[0m\u001b[1mnote\u001b[0m: this error originates in the macro `format` (in Nightly builds, run with -Z macro-backtrace for more info)\n\n"}
{"$message_type":"diagnostic","message":"no method named `flatten` found for enum `std::option::Option<std::string::String>` in the current scope","code":{"code":"E0599","explanation":"This error occurs when a method is used on a type which doesn't implement it:\n\nErroneous code example:\n\n```compile_fail,E0599\nstruct Mouth;\n\nlet x = Mouth;\nx.chocolate(); // error: no method named `chocolate` found for type `Mouth`\n               //        in the current scope\n```\n\nIn this case, you need to implement the `chocolate` method to fix the error:\n\n```\nstruct Mouth;\n\nimpl Mouth {\n    fn chocolate(&self) { // We implement the `chocolate` method here.\n        println!(\"Hmmm! I love chocolate!\");\n    }\n}\n\nlet x = Mouth;\nx.chocolate(); // ok!\n```\n"},"level":"error","spans":[{"file_name":"src/handlers/databases.rs","byte_start":874,"byte_end":1043,"line_start":32,"line_end":36,"column_start":20,"column_end":10,"is_primary":false,"text":[{"text":"    let username = sqlx::query_scalar::<_, String>(\"SELECT username FROM users WHERE id = $1\")","highlight_start":20,"highlight_end":95},{"text":"        .bind(user_id.value())","highlight_start":1,"highlight_end":31},{"text":"        .fetch_optional(&state.pool)","highlight_start":1,"highlight_end":37},{"text":"        .await?","highlight_start":1,"highlight_end":16},{"text":"        .flatten();","highlight_start":1,"highlight_end":10}],"label":"","suggested_replacement":null,"suggestion_applicability":null,"expansion":null},{"file_name":"src/handlers/databases.rs","byte_start":1043,"byte_end":1050,"line_start":36,"line_end":36,"column_start":10,"column_end":17,"is_primary":true,"text":[{"text":"        .flatten();","highlight_start":10,"highlight_end":17}],"label":"`std::option::Option<std::string::String>` is not an iterator","suggested_replacement":null,"suggestion_applicability":null,"expansion":null}],"children":[{"message":"call `.into_iter()` first","code":null,"level":"help","spans":[{"file_name":"src/handlers/databases.rs","byte_start":1043,"byte_end":1043,"line_start":36,"line_end":36,"column_start":10,"column_end":10,"is_primary":true,"text":[{"text":"        .flatten();","highlight_start":10,"highlight_end":10}],"label":null,"suggested_replacement":"into_iter().","suggestion_applicability":"MaybeIncorrect","expansion":null}],"children":[],"rendered":null}],"rendered":"\u001b[1m\u001b[91merror[E0599]\u001b[0m\u001b[1m: no method named `flatten` found for enum `std::option::Option<std::string::String>` in the current scope\u001b[0m\n  \u001b[1m\u001b[94m--> \u001b[0msrc/handlers/databases.rs:36:10\n   \u001b[1m\u001b[94m|\u001b[0m\n\u001b[1m\u001b[94m32\u001b[0m \u001b[1m\u001b[94m|\u001b[0m       let username = sqlx::query_scalar::<_, String>(\"SELECT username FROM users WHERE id = $1\")\n   \u001b[1m\u001b[94m|\u001b[0m \u001b[1m\u001b[94m ____________________-\u001b[0m\n\u001b[1m\u001b[94m33\u001b[0m \u001b[1m\u001b[94m|\u001b[0m \u001b[1m\u001b[94m|\u001b[0m         .bind(user_id.value())\n\u001b[1m\u001b[94m34\u001b[0m \u001b[1m\u001b[94m|\u001b[0m \u001b[1m\u001b[94m|\u001b[0m         .fetch_optional(&state.pool)\n\u001b[1m\u001b[94m35\u001b[0m \u001b[1m\u001b[94m|\u001b[0m \u001b[1m\u001b[94m|\u001b[0m         .await?\n\u001b[1m\u001b[94m36\u001b[0m \u001b[1m\u001b[94m|\u001b[0m \u001b[1m\u001b[94m|\u001b[0m         .flatten();\n   \u001b[1m\u001b[94m|\u001b[0m \u001b[1m\u001b[94m|\u001b[0m         \u001b[1m\u001b[94m-\u001b[0m\u001b[1m\u001b[91m^^^^^^^\u001b[0m \u001b[1m\u001b[91m`std::option::Option<std::string::String>` is not an iterator\u001b[0m\n   \u001b[1m\u001b[94m|\u001b[0m \u001b[1m\u001b[94m|_________|\u001b[0m\n   \u001b[1m\u001b[94m|\u001b[0m\n   \u001b[1m\u001b[94m|\u001b[0m\n\u001b[1m\u001b[96mhelp\u001b[0m: call `.into_iter()` first\n   \u001b[1m\u001b[94m|\u001b[0m\n\u001b[1m\u001b[94m36\u001b[0m \u001b[1m\u001b[94m| \u001b[0m        .\u001b[92minto_iter().\u001b[0mflatten();\n   \u001b[1m\u001b[94m|\u001b[0m          \u001b[92m++++++++++++\u001b[0m\n\n"}
{"$message_type":"diagnostic","message":"no method named `flatten` found for enum `std::option::Option<std::string::String>` in the current scope","code":{"code":"E0599","explanation":"This error occurs when a method is used on a type which doesn't implement it:\n\nErroneous code example:\n\n```compile_fail,E0599\nstruct Mouth;\n\nlet x = Mouth;\nx.chocolate(); // error: no method named `chocolate` found for type `Mouth`\n               //        in the current scope\n```\n\nIn this case, you need to implement the `chocolate` method to fix the error:\n\n```\nstruct Mouth;\n\nimpl Mouth {\n    fn chocolate(&self) { // We implement the `chocolate` method here.\n        println!(\"Hmmm! I love chocolate!\");\n    }\n}\n\nlet x = Mouth;\nx.chocolate(); // ok!\n```\n"},"level":"error","spans":[{"file_name":"src/handlers/databases.rs","byte_start":2924,"byte_end":3109,"line_start":96,"line_end":100,"column_start":24,"column_end":14,"is_primary":false,"text":[{"text":"        let username = sqlx::query_scalar::<_, String>(\"SELECT username FROM users WHERE id = $1\")","highlight_start":24,"highlight_end":99},{"text":"            .bind(user_id.value())","highlight_start":1,"highlight_end":35},{"text":"            .fetch_optional(&state.pool)","highlight_start":1,"highlight_end":41},{"text":"            .await?","highlight_start":1,"highlight_end":20},{"text":"            .flatten();","highlight_start":1,"highlight_end":14}],"label":"","suggested_replacement":null,"suggestion_applicability":null,"expansion":null},{"file_name":"src/handlers/databases.rs","byte_start":3109,"byte_end":3116,"line_start":100,"line_end":100,"column_start":14,"column_end":21,"is_primary":true,"text":[{"text":"            .flatten();","highlight_start":14,"highlight_end":21}],"label":"`std::option::Option<std::string::String>` is not an iterator","suggested_replacement":null,"suggestion_applicability":null,"expansion":null}],"children":[{"message":"call `.into_iter()` first","code":null,"level":"help","spans":[{"file_name":"src/handlers/databases.rs","byte_start":3109,"byte_end":3109,"line_start":100,"line_end":100,"column_start":14,"column_end":14,"is_primary":true,"text":[{"text":"            .flatten();","highlight_start":14,"highlight_end":14}],"label":null,"suggested_replacement":"into_iter().","suggestion_applicability":"MaybeIncorrect","expansion":null}],"children":[],"rendered":null}],"rendered":"\u001b[1m\u001b[91merror[E0599]\u001b[0m\u001b[1m: no method named `flatten` found for enum `std::option::Option<std::string::String>` in the current scope\u001b[0m\n   \u001b[1m\u001b[94m--> \u001b[0msrc/handlers/databases.rs:100:14\n    \u001b[1m\u001b[94m|\u001b[0m\n \u001b[1m\u001b[94m96\u001b[0m \u001b[1m\u001b[94m|\u001b[0m           let username = sqlx::query_scalar::<_, String>(\"SELECT username FROM users WHERE id = $1\")\n    \u001b[1m\u001b[94m|\u001b[0m \u001b[1m\u001b[94m ________________________-\u001b[0m\n \u001b[1m\u001b[94m97\u001b[0m \u001b[1m\u001b[94m|\u001b[0m \u001b[1m\u001b[94m|\u001b[0m             .bind(user_id.value())\n \u001b[1m\u001b[94m98\u001b[0m \u001b[1m\u001b[94m|\u001b[0m \u001b[1m\u001b[94m|\u001b[0m             .fetch_optional(&state.pool)\n \u001b[1m\u001b[94m99\u001b[0m \u001b[1m\u001b[94m|\u001b[0m \u001b[1m\u001b[94m|\u001b[0m             .await?\n\u001b[1m\u001b[94m100\u001b[0m \u001b[1m\u001b[94m|\u001b[0m \u001b[1m\u001b[94m|\u001b[0m             .flatten();\n    \u001b[1m\u001b[94m|\u001b[0m \u001b[1m\u001b[94m|\u001b[0m             \u001b[1m\u001b[94m-\u001b[0m\u001b[1m\u001b[91m^^^^^^^\u001b[0m \u001b[1m\u001b[91m`std::option::Option<std::string::String>` is not an iterator\u001b[0m\n    \u001b[1m\u001b[94m|\u001b[0m \u001b[1m\u001b[94m|_____________|\u001b[0m\n    \u001b[1m\u001b[94m|\u001b[0m\n    \u001b[1m\u001b[94m|\u001b[0m\n\u001b[1m\u001b[96mhelp\u001b[0m: call `.into_iter()` first\n    \u001b[1m\u001b[94m|\u001b[0m\n\u001b[1m\u001b[94m100\u001b[0m \u001b[1m\u001b[94m| \u001b[0m            .\u001b[92minto_iter().\u001b[0mflatten();\n    \u001b[1m\u001b[94m|\u001b[0m              \u001b[92m++++++++++++\u001b[0m\n\n"}
{"$message_type":"diagnostic","message":"no method named `flatten` found for enum `std::option::Option<std::string::String>` in the current scope","code":{"code":"E0599","explanation":"This error occurs when a method is used on a type which doesn't implement it:\n\nErroneous code example:\n\n```compile_fail,E0599\nstruct Mouth;\n\nlet x = Mouth;\nx.chocolate(); // error: no method named `chocolate` found for type `Mouth`\n               //        in the current scope\n```\n\nIn this case, you need to implement the `chocolate` method to fix the error:\n\n```\nstruct Mouth;\n\nimpl Mouth {\n    fn chocolate(&self) { // We implement the `chocolate` method here.\n        println!(\"Hmmm! I love chocolate!\");\n    }\n}\n\nlet x = Mouth;\nx.chocolate(); // ok!\n```\n"},"level":"error","spans":[{"file_name":"src/handlers/databases.rs","byte_start":3923,"byte_end":4108,"line_start":125,"line_end":129,"column_start":24,"column_end":14,"is_primary":false,"text":[{"text":"        let username = sqlx::query_scalar::<_, String>(\"SELECT username FROM users WHERE id = $1\")","highlight_start":24,"highlight_end":99},{"text":"            .bind(user_id.value())","highlight_start":1,"highlight_end":35},{"text":"            .fetch_optional(&state.pool)","highlight_start":1,"highlight_end":41},{"text":"            .await?","highlight_start":1,"highlight_end":20},{"text":"            .flatten();","highlight_start":1,"highlight_end":14}],"label":"","suggested_replacement":null,"suggestion_applicability":null,"expansion":null},{"file_name":"src/handlers/databases.rs","byte_start":4108,"byte_end":4115,"line_start":129,"line_end":129,"column_start":14,"column_end":21,"is_primary":true,"text":[{"text":"            .flatten();","highlight_start":14,"highlight_end":21}],"label":"`std::option::Option<std::string::String>` is not an iterator","suggested_replacement":null,"suggestion_applicability":null,"expansion":null}],"children":[{"message":"call `.into_iter()` first","code":null,"level":"help","spans":[{"file_name":"src/handlers/databases.rs","byte_start":4108,"byte_end":4108,"line_start":129,"line_end":129,"column_start":14,"column_end":14,"is_primary":true,"text":[{"text":"            .flatten();","highlight_start":14,"highlight_end":14}],"label":null,"suggested_replacement":"into_iter().","suggestion_applicability":"MaybeIncorrect","expansion":null}],"children":[],"rendered":null}],"rendered":"\u001b[1m\u001b[91merror[E0599]\u001b[0m\u001b[1m: no method named `flatten` found for enum `std::option::Option<std::string::String>` in the current scope\u001b[0m\n   \u001b[1m\u001b[94m--> \u001b[0msrc/handlers/databases.rs:129:14\n    \u001b[1m\u001b[94m|\u001b[0m\n\u001b[1m\u001b[94m125\u001b[0m \u001b[1m\u001b[94m|\u001b[0m           let username = sqlx::query_scalar::<_, String>(\"SELECT username FROM users WHERE id = $1\")\n    \u001b[1m\u001b[94m|\u001b[0m \u001b[1m\u001b[94m ________________________-\u001b[0m\n\u001b[1m\u001b[94m126\u001b[0m \u001b[1m\u001b[94m|\u001b[0m \u001b[1m\u001b[94m|\u001b[0m             .bind(user_id.value())\n\u001b[1m\u001b[94m127\u001b[0m \u001b[1m\u001b[94m|\u001b[0m \u001b[1m\u001b[94m|\u001b[0m             .fetch_optional(&state.pool)\n\u001b[1m\u001b[94m128\u001b[0m \u001b[1m\u001b[94m|\u001b[0m \u001b[1m\u001b[94m|\u001b[0m             .await?\n\u001b[1m\u001b[94m129\u001b[0m \u001b[1m\u001b[94m|\u001b[0m \u001b[1m\u001b[94m|\u001b[0m             .flatten();\n    \u001b[1m\u001b[94m|\u001b[0m \u001b[1m\u001b[94m|\u001b[0m             \u001b[1m\u001b[94m-\u001b[0m\u001b[1m\u001b[91m^^^^^^^\u001b[0m \u001b[1m\u001b[91m`std::option::Option<std::string::String>` is not an iterator\u001b[0m\n    \u001b[1m\u001b[94m|\u001b[0m \u001b[1m\u001b[94m|_____________|\u001b[0m\n    \u001b[1m\u001b[94m|\u001b[0m\n    \u001b[1m\u001b[94m|\u001b[0m\n\u001b[1m\u001b[96mhelp\u001b[0m: call `.into_iter()` first\n    \u001b[1m\u001b[94m|\u001b[0m\n\u001b[1m\u001b[94m129\u001b[0m \u001b[1m\u001b[94m| \u001b[0m            .\u001b[92minto_iter().\u001b[0mflatten();\n    \u001b[1m\u001b[94m|\u001b[0m              \u001b[92m++++++++++++\u001b[0m\n\n"}
{"$message_type":"diagnostic","message":"no method named `flatten` found for enum `std::option::Option<std::string::String>` in the current scope","code":{"code":"E0599","explanation":"This error occurs when a method is used on a type which doesn't implement it:\n\nErroneous code example:\n\n```compile_fail,E0599\nstruct Mouth;\n\nlet x = Mouth;\nx.chocolate(); // error: no method named `chocolate` found for type `Mouth`\n               //        in the current scope\n```\n\nIn this case, you need to implement the `chocolate` method to fix the error:\n\n```\nstruct Mouth;\n\nimpl Mouth {\n    fn chocolate(&self) { // We implement the `chocolate` method here.\n        println!(\"Hmmm! I love chocolate!\");\n    }\n}\n\nlet x = Mouth;\nx.chocolate(); // ok!\n```\n"},"level":"error","spans":[{"file_name":"src/handlers/databases.rs","byte_start":5570,"byte_end":5771,"line_start":172,"line_end":176,"column_start":28,"column_end":18,"is_primary":false,"text":[{"text":"            let username = sqlx::query_scalar::<_, String>(\"SELECT username FROM users WHERE id = $1\")","highlight_start":28,"highlight_end":103},{"text":"                .bind(user_id.value())","highlight_start":1,"highlight_end":39},{"text":"                .fetch_optional(&state.pool)","highlight_start":1,"highlight_end":45},{"text":"                .await?","highlight_start":1,"highlight_end":24},{"text":"                .flatten();","highlight_start":1,"highlight_end":18}],"label":"","suggested_replacement":null,"suggestion_applicability":null,"expansion":null},{"file_name":"src/handlers/databases.rs","byte_start":5771,"byte_end":5778,"line_start":176,"line_end":176,"column_start":18,"column_end":25,"is_primary":true,"text":[{"text":"                .flatten();","highlight_start":18,"highlight_end":25}],"label":"`std::option::Option<std::string::String>` is not an iterator","suggested_replacement":null,"suggestion_applicability":null,"expansion":null}],"children":[{"message":"call `.into_iter()` first","code":null,"level":"help","spans":[{"file_name":"src/handlers/databases.rs","byte_start":5771,"byte_end":5771,"line_start":176,"line_end":176,"column_start":18,"column_end":18,"is_primary":true,"text":[{"text":"                .flatten();","highlight_start":18,"highlight_end":18}],"label":null,"suggested_replacement":"into_iter().","suggestion_applicability":"MaybeIncorrect","expansion":null}],"children":[],"rendered":null}],"rendered":"\u001b[1m\u001b[91merror[E0599]\u001b[0m\u001b[1m: no method named `flatten` found for enum `std::option::Option<std::string::String>` in the current scope\u001b[0m\n   \u001b[1m\u001b[94m--> \u001b[0msrc/handlers/databases.rs:176:18\n    \u001b[1m\u001b[94m|\u001b[0m\n\u001b[1m\u001b[94m172\u001b[0m \u001b[1m\u001b[94m|\u001b[0m               let username = sqlx::query_scalar::<_, String>(\"SELECT username FROM users WHERE id = $1\")\n    \u001b[1m\u001b[94m|\u001b[0m \u001b[1m\u001b[94m ____________________________-\u001b[0m\n\u001b[1m\u001b[94m173\u001b[0m \u001b[1m\u001b[94m|\u001b[0m \u001b[1m\u001b[94m|\u001b[0m                 .bind(user_id.value())\n\u001b[1m\u001b[94m174\u001b[0m \u001b[1m\u001b[94m|\u001b[0m \u001b[1m\u001b[94m|\u001b[0m                 .fetch_optional(&state.pool)\n\u001b[1m\u001b[94m175\u001b[0m \u001b[1m\u001b[94m|\u001b[0m \u001b[1m\u001b[94m|\u001b[0m                 .await?\n\u001b[1m\u001b[94m176\u001b[0m \u001b[1m\u001b[94m|\u001b[0m \u001b[1m\u001b[94m|\u001b[0m                 .flatten();\n    \u001b[1m\u001b[94m|\u001b[0m \u001b[1m\u001b[94m|\u001b[0m                 \u001b[1m\u001b[94m-\u001b[0m\u001b[1m\u001b[91m^^^^^^^\u001b[0m \u001b[1m\u001b[91m`std::option::Option<std::string::String>` is not an iterator\u001b[0m\n    \u001b[1m\u001b[94m|\u001b[0m \u001b[1m\u001b[94m|_________________|\u001b[0m\n    \u001b[1m\u001b[94m|\u001b[0m\n    \u001b[1m\u001b[94m|\u001b[0m\n\u001b[1m\u001b[96mhelp\u001b[0m: call `.into_iter()` first\n    \u001b[1m\u001b[94m|\u001b[0m\n\u001b[1m\u001b[94m176\u001b[0m \u001b[1m\u001b[94m| \u001b[0m                .\u001b[92minto_iter().\u001b[0mflatten();\n    \u001b[1m\u001b[94m|\u001b[0m                  \u001b[92m++++++++++++\u001b[0m\n\n"}
{"$message_type":"diagnostic","message":"`self` does not live long enough","code":{"code":"E0597","explanation":"This error occurs because a value was dropped while it was still borrowed.\n\nErroneous code example:\n\n```compile_fail,E0597\nstruct Foo<'a> {\n    x: Option<&'a u32>,\n}\n\nlet mut x = Foo { x: None };\n{\n    let y = 0;\n    x.x = Some(&y); // error: `y` does not live long enough\n}\nprintln!(\"{:?}\", x.x);\n```\n\nHere, `y` is dropped at the end of the inner scope, but it is borrowed by\n`x` until the `println`. To fix the previous example, just remove the scope\nso that `y` isn't dropped until after the println\n\n```\nstruct Foo<'a> {\n    x: Option<&'a u32>,\n}\n\nlet mut x = Foo { x: None };\n\nlet y = 0;\nx.x = Some(&y);\n\nprintln!(\"{:?}\", x.x);\n```\n"},"level":"error","spans":[{"file_name":"src/error.rs","byte_start":570,"byte_end":575,"line_start":27,"line_end":27,"column_start":39,"column_end":44,"is_primary":true,"text":[{"text":"        let (status, message) = match &self {","highlight_start":39,"highlight_end":44}],"label":"borrowed value does not live long enough","suggested_replacement":null,"suggestion_applicability":null,"expansion":null},{"file_name":"src/error.rs","byte_start":1087,"byte_end":1088,"line_start":35,"line_end":35,"column_start":5,"column_end":6,"is_primary":false,"text":[{"text":"    }","highlight_start":5,"highlight_end":6}],"label":"`self` dropped here while still borrowed","suggested_replacement":null,"suggestion_applicability":null,"expansion":null},{"file_name":"src/error.rs","byte_start":512,"byte_end":516,"line_start":26,"line_end":26,"column_start":22,"column_end":26,"is_primary":false,"text":[{"text":"    fn into_response(self) -> Response {","highlight_start":22,"highlight_end":26}],"label":"binding `self` declared here","suggested_replacement":null,"suggestion_applicability":null,"expansion":null},{"file_name":"src/error.rs","byte_start":1049,"byte_end":1082,"line_start":34,"line_end":34,"column_start":9,"column_end":42,"is_primary":false,"text":[{"text":"        (status, message).into_response()","highlight_start":9,"highlight_end":42}],"label":"argument requires that `self` is borrowed for `'static`","suggested_replacement":null,"suggestion_applicability":null,"expansion":null}],"children":[],"rendered":"\u001b[1m\u001b[91merror[E0597]\u001b[0m\u001b[1m: `self` does not live long enough\u001b[0m\n  \u001b[1m\u001b[94m--> \u001b[0msrc/error.rs:27:39\n   \u001b[1m\u001b[94m|\u001b[0m\n\u001b[1m\u001b[94m26\u001b[0m \u001b[1m\u001b[94m|\u001b[0m     fn into_response(self) -> Response {\n   \u001b[1m\u001b[94m|\u001b[0m                      \u001b[1m\u001b[94m----\u001b[0m \u001b[1m\u001b[94mbinding `self` declared here\u001b[0m\n\u001b[1m\u001b[94m27\u001b[0m \u001b[1m\u001b[94m|\u001b[0m         let (status, message) = match &self {\n   \u001b[1m\u001b[94m|\u001b[0m                                       \u001b[1m\u001b[91m^^^^^\u001b[0m \u001b[1m\u001b[91mborrowed value does not live long enough\u001b[0m\n\u001b[1m\u001b[94m...\u001b[0m\n\u001b[1m\u001b[94m34\u001b[0m \u001b[1m\u001b[94m|\u001b[0m         (status, message).into_response()\n   \u001b[1m\u001b[94m|\u001b[0m         \u001b[1m\u001b[94m---------------------------------\u001b[0m \u001b[1m\u001b[94margument requires that `self` is borrowed for `'static`\u001b[0m\n\u001b[1m\u001b[94m35\u001b[0m \u001b[1m\u001b[94m|\u001b[0m     }\n   \u001b[1m\u001b[94m|\u001b[0m     \u001b[1m\u001b[94m-\u001b[0m \u001b[1m\u001b[94m`self` dropped here while still borrowed\u001b[0m\n\n"}
{"$message_type":"diagnostic","message":"unused variable: `state`","code":{"code":"unused_variables","explanation":null},"level":"warning","spans":[{"file_name":"src/handlers/login.rs","byte_start":2578,"byte_end":2583,"line_start":89,"line_end":89,"column_start":27,"column_end":32,"is_primary":true,"text":[{"text":"pub async fn logout(State(state): State<AppState>) -> Result<Response> {","highlight_start":27,"highlight_end":32}],"label":null,"suggested_replacement":null,"suggestion_applicability":null,"expansion":null}],"children":[{"message":"`#[warn(unused_variables)]` (part of `#[warn(unused)]`) on by default","code":null,"level":"note","spans":[],"children":[],"rendered":null},{"message":"if this is intentional, prefix it with an underscore","code":null,"level":"help","spans":[{"file_name":"src/handlers/login.rs","byte_start":2578,"byte_end":2583,"line_start":89,"line_end":89,"column_start":27,"column_end":32,"is_primary":true,"text":[{"text":"pub async fn logout(State(state): State<AppState>) -> Result<Response> {","highlight_start":27,"highlight_end":32}],"label":null,"suggested_replacement":"_state","suggestion_applicability":"MachineApplicable","expansion":null}],"children":[],"rendered":null}],"rendered":"\u001b[1m\u001b[33mwarning\u001b[0m\u001b[1m: unused variable: `state`\u001b[0m\n  \u001b[1m\u001b[94m--> \u001b[0msrc/handlers/login.rs:89:27\n   \u001b[1m\u001b[94m|\u001b[0m\n\u001b[1m\u001b[94m89\u001b[0m \u001b[1m\u001b[94m|\u001b[0m pub async fn logout(State(state): State<AppState>) -> Result<Response> {\n   \u001b[1m\u001b[94m|\u001b[0m                           \u001b[1m\u001b[33m^^^^^\u001b[0m \u001b[1m\u001b[33mhelp: if this is intentional, prefix it with an underscore: `_state`\u001b[0m\n   \u001b[1m\u001b[94m|\u001b[0m\n   \u001b[1m\u001b[94m= \u001b[0m\u001b[1mnote\u001b[0m: `#[warn(unused_variables)]` (part of `#[warn(unused)]`) on by default\n\n"}
{"$message_type":"diagnostic","message":"aborting due to 29 previous errors; 4 warnings emitted","code":null,"level":"error","spans":[],"children":[],"rendered":"\u001b[1m\u001b[91merror\u001b[0m\u001b[1m: aborting due to 29 previous errors; 4 warnings emitted\u001b[0m\n\n"}
{"$message_type":"diagnostic","message":"Some errors have detailed explanations: E0107, E0195, E0277, E0308, E0597, E0599.","code":null,"level":"failure-note","spans":[],"children":[],"rendered":"\u001b[1mSome errors have detailed explanations: E0107, E0195, E0277, E0308, E0597, E0599.\u001b[0m\n"}
{"$message_type":"diagnostic","message":"For more information about an error, try `rustc --explain E0107`.","code":null,"level":"failure-note","spans":[],"children":[],"rendered":"\u001b[1mFor more information about an error, try `rustc --explain E0107`.\u001b[0m\n"}
